<html>
<head>
<title>TestNG:  Home page</title>
<link href="../testng.css" rel="stylesheet" type="text/css" />
<link href="../my-testng.css" rel="stylesheet" type="text/css" />

<style type="text/css">
.log { display: none;} 
.stack-trace { display: none;} 
</style>
<script type="text/javascript">
<!--
function flip(e) {
  current = e.style.display;
  if (current == 'block') {
    e.style.display = 'none';
    return 0;
  }
  else {
    e.style.display = 'block';
    return 1;
  }
}

function toggleBox(szDivId, elem, msg1, msg2)
{
  var res = -1;  if (document.getElementById) {
    res = flip(document.getElementById(szDivId));
  }
  else if (document.all) {
    // this is the way old msie versions work
    res = flip(document.all[szDivId]);
  }
  if(elem) {
    if(res == 0) elem.innerHTML = msg1; else elem.innerHTML = msg2;
  }

}

function toggleAllBoxes() {
  if (document.getElementsByTagName) {
    d = document.getElementsByTagName('div');
    for (i = 0; i < d.length; i++) {
      if (d[i].className == 'log') {
        flip(d[i]);
      }
    }
  }
}

// -->
</script>

</head>
<body>
<h2 align='center'>Home page</h2><table border='1' align="center">
<tr>
<<<<<<< HEAD
<td>Tests passed/Failed/Skipped:</td><td>15/0/0</td>
</tr><tr>
<td>Started on:</td><td>Mon Feb 24 17:19:13 IST 2020</td>
</tr>
<tr><td>Total time:</td><td>933 seconds (933905 ms)</td>
=======
<td>Tests passed/Failed/Skipped:</td><td>0/1/0</td>
</tr><tr>
<td>Started on:</td><td>Fri Nov 29 17:44:36 IST 2019</td>
</tr>
<tr><td>Total time:</td><td>8 seconds (8235 ms)</td>
>>>>>>> master
</tr><tr>
<td>Included groups:</td><td></td>
</tr><tr>
<td>Excluded groups:</td><td></td>
</tr>
</table><p/>
<small><i>(Hover the method name to see the test class name)</i></small><p/>
<table width='100%' border='1' class='invocation-failed'>
<tr><td colspan='4' align='center'><b>FAILED TESTS</b></td></tr>
<tr><td><b>Test method</b></td>
<td width="30%"><b>Exception</b></td>
<td width="10%"><b>Time (seconds)</b></td>
<td><b>Instance</b></td>
</tr>
<tr>
<<<<<<< HEAD
<td title='com.upnorway.testcases.Homepage.googleReviewCount()'><b>googleReviewCount</b><br>Test class: com.upnorway.testcases.Homepage<br>Parameters: 34<br/>
<a href="#Output-1099552523" onClick='toggleBox("Output-1099552523", this, "Show output", "Hide output");'>Show output</a>

<a href="#Output-1099552523" onClick="toggleAllBoxes();">Show all outputs</a>
<div class='log' id="Output-1099552523">
<br>Verification failure : expected [36] but found [34]<br><br/>
<a target="_blank" href=Mon_Feb_24_17_19_21_IST_2020.jpg><img src=Mon_Feb_24_17_19_21_IST_2020.jpg height=200 width=200></img></a><br/>
<br><br/>
<br><br/>
</div>
</td>
<td></td>
<td>6</td>
<td>com.upnorway.testcases.Homepage@5acf93bb</td></tr>
<tr>
<td title='com.upnorway.testcases.Homepage.googleReviewfiveStars()'><b>googleReviewfiveStars</b><br>Test class: com.upnorway.testcases.Homepage</td>
<td></td>
<td>742</td>
<td>com.upnorway.testcases.Homepage@5acf93bb</td></tr>
<tr>
<td title='com.upnorway.testcases.Homepage.googleReviews()'><b>googleReviews</b><br>Test class: com.upnorway.testcases.Homepage<br>Parameters: GOOGLE REVIEWS, Up Norway</td>
<td></td>
<td>9</td>
<td>com.upnorway.testcases.Homepage@5acf93bb</td></tr>
<tr>
<td title='com.upnorway.testcases.SearchAnything.navigate_Pagination()'><b>navigate_Pagination</b><br>Test class: com.upnorway.testcases.SearchAnything<br>Parameters: summer</td>
<td></td>
<td>9</td>
<td>com.upnorway.testcases.SearchAnything@614ca7df</td></tr>
<tr>
<td title='com.upnorway.testcases.SearchAnything.search_Pagination()'><b>search_Pagination</b><br>Test class: com.upnorway.testcases.SearchAnything<br>Parameters: summer</td>
<td></td>
<td>48</td>
<td>com.upnorway.testcases.SearchAnything@614ca7df</td></tr>
<tr>
<td title='com.upnorway.testcases.SearchAnything.search_for_less()'><b>search_for_less</b><br>Test class: com.upnorway.testcases.SearchAnything<br>Parameters: drifting</td>
<td></td>
<td>8</td>
<td>com.upnorway.testcases.SearchAnything@614ca7df</td></tr>
<tr>
<td title='com.upnorway.testcases.SearchAnything.search_for_many()'><b>search_for_many</b><br>Test class: com.upnorway.testcases.SearchAnything<br>Parameters: summer</td>
<td></td>
<td>26</td>
<td>com.upnorway.testcases.SearchAnything@614ca7df</td></tr>
<tr>
<td title='com.upnorway.testcases.SendEnquiry.sendEnquiryWithoutMandatoryFields()'><b>sendEnquiryWithoutMandatoryFields</b><br>Test class: com.upnorway.testcases.SendEnquiry<br>Parameters: I would love to travel Norway, Please fill all the required fields</td>
<td></td>
<td>3</td>
<td>com.upnorway.testcases.SendEnquiry@6cd28fa7</td></tr>
<tr>
<td title='com.upnorway.testcases.TailorMyJourney.send_Enquiry()'><b>send_Enquiry</b><br>Test class: com.upnorway.testcases.TailorMyJourney<br>Parameters: Donald, Trump, dana@ufc.com, I would love to travel Norway</td>
<td></td>
<td>8</td>
<td>com.upnorway.testcases.TailorMyJourney@7e7be63f</td></tr>
<tr>
<td title='com.upnorway.testcases.SendEnquiry.send_Enquiry()'><b>send_Enquiry</b><br>Test class: com.upnorway.testcases.SendEnquiry<br>Parameters: Donald, Trump, dana@ufc.com, I would love to travel Norway</td>
<td></td>
<td>5</td>
<td>com.upnorway.testcases.SendEnquiry@6cd28fa7</td></tr>
<tr>
<td title='com.upnorway.testcases.Homepage.slidePressItems()'><b>slidePressItems</b><br>Test class: com.upnorway.testcases.Homepage<br>Parameters: AS SEEN IN PRESS</td>
<td></td>
<td>5</td>
<td>com.upnorway.testcases.Homepage@5acf93bb</td></tr>
<tr>
<td title='com.upnorway.testcases.TailorMyJourney.tailorMyJourney_ValidationCheck()'><b>tailorMyJourney_ValidationCheck</b><br>Test class: com.upnorway.testcases.TailorMyJourney<br>Parameters: Donald, Trump, 44 years young, dana@ufc.com, 0097444667, 31st of December 2030, 4, Enterprenuer, 9, United States of America</td>
<td></td>
<td>16</td>
<td>com.upnorway.testcases.TailorMyJourney@7e7be63f</td></tr>
<tr>
<td title='com.upnorway.testcases.TailorMyJourney.testTailorMyJourenyBackToHome()'><b>testTailorMyJourenyBackToHome</b><br>Test class: com.upnorway.testcases.TailorMyJourney<br>Parameters: Donald, A new era of travel curation</td>
<td></td>
<td>4</td>
<td>com.upnorway.testcases.TailorMyJourney@7e7be63f</td></tr>
<tr>
<td title='com.upnorway.testcases.TailorMyJourney.testTailorMyJourenyUPNorwayLogo()'><b>testTailorMyJourenyUPNorwayLogo</b><br>Test class: com.upnorway.testcases.TailorMyJourney<br>Parameters: Donald, A new era of travel curation</td>
<td></td>
<td>4</td>
<td>com.upnorway.testcases.TailorMyJourney@7e7be63f</td></tr>
<tr>
<td title='com.upnorway.testcases.TailorMyJourney.testTailorMyJourneyContactInfoValidating()'><b>testTailorMyJourneyContactInfoValidating</b><br>Test class: com.upnorway.testcases.TailorMyJourney<br>Parameters: Donald, Trump, 44 years young, dana@ufc.com, 0097444667, 31st of December 2030, 4, Enterprenuer, 9, United States of America, Please fill out all the required fields.</td>
<td></td>
<td>12</td>
=======
<td title='com.upnorway.testcases.TailorMyJourney.send_Enquiry()'><b>send_Enquiry</b><br>Test class: com.upnorway.testcases.TailorMyJourney<br>Parameters: Donald, Trump, dana@ufc.com, I would love to travel Norway</td>
<td><div><pre>org.openqa.selenium.NoSuchWindowException: no such window: target window already closed
from unknown error: web view not found
  (Session info: chrome=78.0.3904.108)
  (Driver info: chromedriver=78.0.3904.70 (edb9c9f3de0247fd912a77b7f6cae7447f6d3ad5-refs/branch-heads/3904@{#800}),platform=Windows NT 10.0.18362 x86_64) (WARNING: The server did not provide any stacktrace information)
Command duration or timeout: 107 milliseconds
Build info: version: &apos;2.53.1&apos;, revision: &apos;a36b8b1cd5757287168e54b817830adce9b0158d&apos;, time: &apos;2016-06-30 19:26:09&apos;
System info: host: &apos;ArshadM&apos;, ip: &apos;172.20.8.71&apos;, os.name: &apos;Windows 10&apos;, os.arch: &apos;amd64&apos;, os.version: &apos;10.0&apos;, java.version: &apos;1.8.0_221&apos;
Driver info: org.openqa.selenium.chrome.ChromeDriver
Capabilities [{mobileEmulationEnabled=false, timeouts={implicit=0, pageLoad=300000, script=30000}, hasTouchScreen=false, platform=XP, acceptSslCerts=false, goog:chromeOptions={debuggerAddress=localhost:50741}, acceptInsecureCerts=false, webStorageEnabled=true, browserName=chrome, takesScreenshot=true, javascriptEnabled=true, setWindowRect=true, unexpectedAlertBehaviour=ignore, applicationCacheEnabled=false, rotatable=false, networkConnectionEnabled=false, chrome={chromedriverVersion=78.0.3904.70 (edb9c9f3de0247fd912a77b7f6cae7447f6d3ad5-refs/branch-heads/3904@{#800}), userDataDir=C:\Users\arshadm\AppData\Local\Temp\scoped_dir18772_13189628}, takesHeapSnapshot=true, pageLoadStrategy=normal, strictFileInteractability=false, databaseEnabled=false, handlesAlerts=true, version=78.0.3904.108, browserConnectionEnabled=false, proxy={}, nativeEvents=true, locationContextEnabled=true, cssSelectorsEnabled=true}]
Session ID: 198e5f12dc31b169b0174ac0e762e837
*** Element info: {Using=xpath, value=//textarea}
	at org.openqa.selenium.remote.ErrorHandler.createThrowable(ErrorHandler.java:206)
	at org.openqa.selenium.remote.ErrorHandler.throwIfResponseFailed(ErrorHandler.java:158)
	at org.openqa.selenium.remote.RemoteWebDriver.execute(RemoteWebDriver.java:678)
	at org.openqa.selenium.remote.RemoteWebDriver.findElement(RemoteWebDriver.java:363)
	at org.openqa.selenium.remote.RemoteWebDriver.findElementByXPath(RemoteWebDriver.java:500)
	at org.openqa.selenium.By$ByXPath.findElement(By.java:361)
	at org.openqa.selenium.remote.RemoteWebDriver.findElement(RemoteWebDriver.java:355)
	at com.upnorway.base.TestBase.type(TestBase.java:210)
	at com.upnorway.testcases.TailorMyJourney.send_Enquiry(TailorMyJourney.java:238)
... Removed 28 stack frames</pre></div><a href='#' onClick='toggleBox("stack-trace464872674", this, "Click to show all stack frames", "Click to hide stack frames")'>Click to show all stack frames</a>
<div class='stack-trace' id='stack-trace464872674'><pre>org.openqa.selenium.NoSuchWindowException: no such window: target window already closed
from unknown error: web view not found
  (Session info: chrome=78.0.3904.108)
  (Driver info: chromedriver=78.0.3904.70 (edb9c9f3de0247fd912a77b7f6cae7447f6d3ad5-refs/branch-heads/3904@{#800}),platform=Windows NT 10.0.18362 x86_64) (WARNING: The server did not provide any stacktrace information)
Command duration or timeout: 107 milliseconds
Build info: version: &apos;2.53.1&apos;, revision: &apos;a36b8b1cd5757287168e54b817830adce9b0158d&apos;, time: &apos;2016-06-30 19:26:09&apos;
System info: host: &apos;ArshadM&apos;, ip: &apos;172.20.8.71&apos;, os.name: &apos;Windows 10&apos;, os.arch: &apos;amd64&apos;, os.version: &apos;10.0&apos;, java.version: &apos;1.8.0_221&apos;
Driver info: org.openqa.selenium.chrome.ChromeDriver
Capabilities [{mobileEmulationEnabled=false, timeouts={implicit=0, pageLoad=300000, script=30000}, hasTouchScreen=false, platform=XP, acceptSslCerts=false, goog:chromeOptions={debuggerAddress=localhost:50741}, acceptInsecureCerts=false, webStorageEnabled=true, browserName=chrome, takesScreenshot=true, javascriptEnabled=true, setWindowRect=true, unexpectedAlertBehaviour=ignore, applicationCacheEnabled=false, rotatable=false, networkConnectionEnabled=false, chrome={chromedriverVersion=78.0.3904.70 (edb9c9f3de0247fd912a77b7f6cae7447f6d3ad5-refs/branch-heads/3904@{#800}), userDataDir=C:\Users\arshadm\AppData\Local\Temp\scoped_dir18772_13189628}, takesHeapSnapshot=true, pageLoadStrategy=normal, strictFileInteractability=false, databaseEnabled=false, handlesAlerts=true, version=78.0.3904.108, browserConnectionEnabled=false, proxy={}, nativeEvents=true, locationContextEnabled=true, cssSelectorsEnabled=true}]
Session ID: 198e5f12dc31b169b0174ac0e762e837
*** Element info: {Using=xpath, value=//textarea}
	at sun.reflect.NativeConstructorAccessorImpl.newInstance0(Native Method)
	at sun.reflect.NativeConstructorAccessorImpl.newInstance(NativeConstructorAccessorImpl.java:62)
	at sun.reflect.DelegatingConstructorAccessorImpl.newInstance(DelegatingConstructorAccessorImpl.java:45)
	at java.lang.reflect.Constructor.newInstance(Constructor.java:423)
	at org.openqa.selenium.remote.ErrorHandler.createThrowable(ErrorHandler.java:206)
	at org.openqa.selenium.remote.ErrorHandler.throwIfResponseFailed(ErrorHandler.java:158)
	at org.openqa.selenium.remote.RemoteWebDriver.execute(RemoteWebDriver.java:678)
	at org.openqa.selenium.remote.RemoteWebDriver.findElement(RemoteWebDriver.java:363)
	at org.openqa.selenium.remote.RemoteWebDriver.findElementByXPath(RemoteWebDriver.java:500)
	at org.openqa.selenium.By$ByXPath.findElement(By.java:361)
	at org.openqa.selenium.remote.RemoteWebDriver.findElement(RemoteWebDriver.java:355)
	at com.upnorway.base.TestBase.type(TestBase.java:210)
	at com.upnorway.testcases.TailorMyJourney.send_Enquiry(TailorMyJourney.java:238)
	at sun.reflect.NativeMethodAccessorImpl.invoke0(Native Method)
	at sun.reflect.NativeMethodAccessorImpl.invoke(NativeMethodAccessorImpl.java:62)
	at sun.reflect.DelegatingMethodAccessorImpl.invoke(DelegatingMethodAccessorImpl.java:43)
	at java.lang.reflect.Method.invoke(Method.java:498)
	at org.testng.internal.MethodInvocationHelper.invokeMethod(MethodInvocationHelper.java:86)
	at org.testng.internal.Invoker.invokeMethod(Invoker.java:645)
	at org.testng.internal.Invoker.invokeTestMethod(Invoker.java:822)
	at org.testng.internal.Invoker.invokeTestMethods(Invoker.java:1130)
	at org.testng.internal.TestMethodWorker.invokeTestMethods(TestMethodWorker.java:129)
	at org.testng.internal.TestMethodWorker.run(TestMethodWorker.java:112)
	at org.testng.TestRunner.privateRun(TestRunner.java:782)
	at org.testng.TestRunner.run(TestRunner.java:632)
	at org.testng.SuiteRunner.runTest(SuiteRunner.java:366)
	at org.testng.SuiteRunner.runSequentially(SuiteRunner.java:361)
	at org.testng.SuiteRunner.privateRun(SuiteRunner.java:319)
	at org.testng.SuiteRunner.run(SuiteRunner.java:268)
	at org.testng.SuiteRunnerWorker.runSuite(SuiteRunnerWorker.java:52)
	at org.testng.SuiteRunnerWorker.run(SuiteRunnerWorker.java:86)
	at org.testng.TestNG.runSuitesSequentially(TestNG.java:1244)
	at org.testng.TestNG.runSuitesLocally(TestNG.java:1169)
	at org.testng.TestNG.run(TestNG.java:1064)
	at org.testng.remote.RemoteTestNG.run(RemoteTestNG.java:113)
	at org.testng.remote.RemoteTestNG.initAndRun(RemoteTestNG.java:206)
	at org.testng.remote.RemoteTestNG.main(RemoteTestNG.java:177)
</pre></div></td>
<td>6</td>
<td>com.upnorway.testcases.TailorMyJourney@7e7be63f</td></tr>
<tr>
<td title='com.upnorway.testcases.TailorMyJourney.send_Enquiry()'><b>send_Enquiry</b><br>Test class: com.upnorway.testcases.TailorMyJourney</td>
<td><div><pre>org.openqa.selenium.NoSuchWindowException: no such window: target window already closed
from unknown error: web view not found
  (Session info: chrome=78.0.3904.108)
  (Driver info: chromedriver=78.0.3904.70 (edb9c9f3de0247fd912a77b7f6cae7447f6d3ad5-refs/branch-heads/3904@{#800}),platform=Windows NT 10.0.18362 x86_64) (WARNING: The server did not provide any stacktrace information)
Command duration or timeout: 43 milliseconds
Build info: version: &apos;2.53.1&apos;, revision: &apos;a36b8b1cd5757287168e54b817830adce9b0158d&apos;, time: &apos;2016-06-30 19:26:09&apos;
System info: host: &apos;ArshadM&apos;, ip: &apos;172.20.8.71&apos;, os.name: &apos;Windows 10&apos;, os.arch: &apos;amd64&apos;, os.version: &apos;10.0&apos;, java.version: &apos;1.8.0_221&apos;
Driver info: org.openqa.selenium.chrome.ChromeDriver
Capabilities [{mobileEmulationEnabled=false, timeouts={implicit=0, pageLoad=300000, script=30000}, hasTouchScreen=false, platform=XP, acceptSslCerts=false, goog:chromeOptions={debuggerAddress=localhost:50741}, acceptInsecureCerts=false, webStorageEnabled=true, browserName=chrome, takesScreenshot=true, javascriptEnabled=true, setWindowRect=true, unexpectedAlertBehaviour=ignore, applicationCacheEnabled=false, rotatable=false, networkConnectionEnabled=false, chrome={chromedriverVersion=78.0.3904.70 (edb9c9f3de0247fd912a77b7f6cae7447f6d3ad5-refs/branch-heads/3904@{#800}), userDataDir=C:\Users\arshadm\AppData\Local\Temp\scoped_dir18772_13189628}, takesHeapSnapshot=true, pageLoadStrategy=normal, strictFileInteractability=false, databaseEnabled=false, handlesAlerts=true, version=78.0.3904.108, browserConnectionEnabled=false, proxy={}, nativeEvents=true, locationContextEnabled=true, cssSelectorsEnabled=true}]
Session ID: 198e5f12dc31b169b0174ac0e762e837
	at org.openqa.selenium.remote.ErrorHandler.createThrowable(ErrorHandler.java:206)
	at org.openqa.selenium.remote.ErrorHandler.throwIfResponseFailed(ErrorHandler.java:158)
	at org.openqa.selenium.remote.RemoteWebDriver.execute(RemoteWebDriver.java:678)
	at org.openqa.selenium.remote.RemoteWebDriver.execute(RemoteWebDriver.java:701)
	at org.openqa.selenium.remote.RemoteWebDriver.getScreenshotAs(RemoteWebDriver.java:335)
	at com.upnorway.utilities.TestUtil.captureScreenshot(TestUtil.java:23)
	at com.upnorway.listeners.CustomListeners.onTestFailure(CustomListeners.java:46)
... Removed 25 stack frames</pre></div><a href='#' onClick='toggleBox("stack-trace1293462056", this, "Click to show all stack frames", "Click to hide stack frames")'>Click to show all stack frames</a>
<div class='stack-trace' id='stack-trace1293462056'><pre>org.openqa.selenium.NoSuchWindowException: no such window: target window already closed
from unknown error: web view not found
  (Session info: chrome=78.0.3904.108)
  (Driver info: chromedriver=78.0.3904.70 (edb9c9f3de0247fd912a77b7f6cae7447f6d3ad5-refs/branch-heads/3904@{#800}),platform=Windows NT 10.0.18362 x86_64) (WARNING: The server did not provide any stacktrace information)
Command duration or timeout: 43 milliseconds
Build info: version: &apos;2.53.1&apos;, revision: &apos;a36b8b1cd5757287168e54b817830adce9b0158d&apos;, time: &apos;2016-06-30 19:26:09&apos;
System info: host: &apos;ArshadM&apos;, ip: &apos;172.20.8.71&apos;, os.name: &apos;Windows 10&apos;, os.arch: &apos;amd64&apos;, os.version: &apos;10.0&apos;, java.version: &apos;1.8.0_221&apos;
Driver info: org.openqa.selenium.chrome.ChromeDriver
Capabilities [{mobileEmulationEnabled=false, timeouts={implicit=0, pageLoad=300000, script=30000}, hasTouchScreen=false, platform=XP, acceptSslCerts=false, goog:chromeOptions={debuggerAddress=localhost:50741}, acceptInsecureCerts=false, webStorageEnabled=true, browserName=chrome, takesScreenshot=true, javascriptEnabled=true, setWindowRect=true, unexpectedAlertBehaviour=ignore, applicationCacheEnabled=false, rotatable=false, networkConnectionEnabled=false, chrome={chromedriverVersion=78.0.3904.70 (edb9c9f3de0247fd912a77b7f6cae7447f6d3ad5-refs/branch-heads/3904@{#800}), userDataDir=C:\Users\arshadm\AppData\Local\Temp\scoped_dir18772_13189628}, takesHeapSnapshot=true, pageLoadStrategy=normal, strictFileInteractability=false, databaseEnabled=false, handlesAlerts=true, version=78.0.3904.108, browserConnectionEnabled=false, proxy={}, nativeEvents=true, locationContextEnabled=true, cssSelectorsEnabled=true}]
Session ID: 198e5f12dc31b169b0174ac0e762e837
	at sun.reflect.NativeConstructorAccessorImpl.newInstance0(Native Method)
	at sun.reflect.NativeConstructorAccessorImpl.newInstance(NativeConstructorAccessorImpl.java:62)
	at sun.reflect.DelegatingConstructorAccessorImpl.newInstance(DelegatingConstructorAccessorImpl.java:45)
	at java.lang.reflect.Constructor.newInstance(Constructor.java:423)
	at org.openqa.selenium.remote.ErrorHandler.createThrowable(ErrorHandler.java:206)
	at org.openqa.selenium.remote.ErrorHandler.throwIfResponseFailed(ErrorHandler.java:158)
	at org.openqa.selenium.remote.RemoteWebDriver.execute(RemoteWebDriver.java:678)
	at org.openqa.selenium.remote.RemoteWebDriver.execute(RemoteWebDriver.java:701)
	at org.openqa.selenium.remote.RemoteWebDriver.getScreenshotAs(RemoteWebDriver.java:335)
	at com.upnorway.utilities.TestUtil.captureScreenshot(TestUtil.java:23)
	at com.upnorway.listeners.CustomListeners.onTestFailure(CustomListeners.java:46)
	at org.testng.internal.Invoker.runTestListeners(Invoker.java:1693)
	at org.testng.internal.Invoker.runTestListeners(Invoker.java:1677)
	at org.testng.internal.Invoker.invokeMethod(Invoker.java:702)
	at org.testng.internal.Invoker.invokeTestMethod(Invoker.java:822)
	at org.testng.internal.Invoker.invokeTestMethods(Invoker.java:1130)
	at org.testng.internal.TestMethodWorker.invokeTestMethods(TestMethodWorker.java:129)
	at org.testng.internal.TestMethodWorker.run(TestMethodWorker.java:112)
	at org.testng.TestRunner.privateRun(TestRunner.java:782)
	at org.testng.TestRunner.run(TestRunner.java:632)
	at org.testng.SuiteRunner.runTest(SuiteRunner.java:366)
	at org.testng.SuiteRunner.runSequentially(SuiteRunner.java:361)
	at org.testng.SuiteRunner.privateRun(SuiteRunner.java:319)
	at org.testng.SuiteRunner.run(SuiteRunner.java:268)
	at org.testng.SuiteRunnerWorker.runSuite(SuiteRunnerWorker.java:52)
	at org.testng.SuiteRunnerWorker.run(SuiteRunnerWorker.java:86)
	at org.testng.TestNG.runSuitesSequentially(TestNG.java:1244)
	at org.testng.TestNG.runSuitesLocally(TestNG.java:1169)
	at org.testng.TestNG.run(TestNG.java:1064)
	at org.testng.remote.RemoteTestNG.run(RemoteTestNG.java:113)
	at org.testng.remote.RemoteTestNG.initAndRun(RemoteTestNG.java:206)
	at org.testng.remote.RemoteTestNG.main(RemoteTestNG.java:177)
</pre></div></td>
<td>8</td>
>>>>>>> master
<td>com.upnorway.testcases.TailorMyJourney@7e7be63f</td></tr>
</table><p>
</body>
</html>