<!DOCTYPE html PUBLIC "-//W3C//DTD XHTML 1.1//EN" "http://www.w3.org/TR/xhtml11/DTD/xhtml11.dtd">
<html xmlns="http://www.w3.org/1999/xhtml"><head><title>TestNG Report</title><style type="text/css">table {margin-bottom:10px;border-collapse:collapse;empty-cells:show}th,td {border:1px solid #009;padding:.25em .5em}th {vertical-align:bottom}td {vertical-align:top}table a {font-weight:bold}.stripe td {background-color: #E6EBF9}.num {text-align:right}.passedodd td {background-color: #3F3}.passedeven td {background-color: #0A0}.skippedodd td {background-color: #DDD}.skippedeven td {background-color: #CCC}.failedodd td,.attn {background-color: #F33}.failedeven td,.stripe .attn {background-color: #D00}.stacktrace {white-space:pre;font-family:monospace}.totop {font-size:85%;text-align:center;border-bottom:2px solid #000}</style></head><body><table><tr><th>Test</th><th># Passed</th><th># Skipped</th><th># Failed</th><th>Time (ms)</th><th>Included Groups</th><th>Excluded Groups</th></tr><tr><th colspan="7">Suite</th></tr><tr><td><a href="#t0">Home page</a></td><td class="num">10</td><td class="num">0</td><td class="num">0</td><td class="num">154,781</td><td></td><td></td></tr><tr class="stripe"><td><a href="#t1">Journeys</a></td><td class="num">6</td><td class="num attn">4</td><td class="num attn">3</td><td class="num">394,151</td><td></td><td></td></tr><tr><th>Total</th><th class="num">16</th><th class="num attn">4</th><th class="num attn">3</th><th class="num">548,932</th><th colspan="2"></th></tr></table><table><thead><tr><th>Class</th><th>Method</th><th>Start</th><th>Time (ms)</th></tr></thead><tbody><tr><th colspan="4">Suite</th></tr></tbody><tbody id="t0"><tr><th colspan="4">Home page &#8212; passed</th></tr><tr class="passedeven"><td rowspan="4">com.upnorway.testcases.SearchAnything</td><td><a href="#m0">navigate_Pagination</a></td><td rowspan="1">1573207103496</td><td rowspan="1">14096</td></tr><tr class="passedeven"><td><a href="#m1">search_Pagination</a></td><td rowspan="1">1573207120202</td><td rowspan="1">10217</td></tr><tr class="passedeven"><td><a href="#m2">search_for_less</a></td><td rowspan="1">1573207164374</td><td rowspan="1">9414</td></tr><tr class="passedeven"><td><a href="#m3">search_for_many</a></td><td rowspan="1">1573207133125</td><td rowspan="1">28253</td></tr><tr class="passedodd"><td rowspan="1">com.upnorway.testcases.SendEnquiry</td><td><a href="#m4">send_Enquiry</a></td><td rowspan="1">1573207094445</td><td rowspan="1">7148</td></tr><tr class="passedeven"><td rowspan="5">com.upnorway.testcases.TailorMyJourney</td><td><a href="#m5">send_Enquiry</a></td><td rowspan="1">1573207022205</td><td rowspan="1">11798</td></tr><tr class="passedeven"><td><a href="#m6">tailorMyJourney_ValidationCheck</a></td><td rowspan="1">1573207037494</td><td rowspan="1">20253</td></tr><tr class="passedeven"><td><a href="#m7">testTailorMyJourenyBackToHome</a></td><td rowspan="1">1573207059971</td><td rowspan="1">4761</td></tr><tr class="passedeven"><td><a href="#m8">testTailorMyJourenyUPNorwayLogo</a></td><td rowspan="1">1573207067209</td><td rowspan="1">5499</td></tr><tr class="passedeven"><td><a href="#m9">testTailorMyJourneyContactInfoValidating</a></td><td rowspan="1">1573207075838</td><td rowspan="1">16547</td></tr></tbody><tbody id="t1"><tr><th colspan="4">Journeys &#8212; failed</th></tr><tr class="failedeven"><td rowspan="2">com.upnorway.testcases.General</td><td><a href="#m10">email_solution</a></td><td rowspan="2">1573207515680</td><td rowspan="2">51735</td></tr><tr class="failedeven"><td><a href="#m11">email_solution</a></td></tr><tr class="failedodd"><td rowspan="1">com.upnorway.testcases.Upguides</td><td><a href="#m12">upguide_go_to_journey</a></td><td rowspan="1">1573207194680</td><td rowspan="1">51859</td></tr><tr><th colspan="4">Journeys &#8212; skipped</th></tr><tr class="skippedeven"><td rowspan="4">com.upnorway.testcases.General</td><td><a href="#m13">email_solution</a></td><td rowspan="3">1573207453037</td><td rowspan="3">0</td></tr><tr class="skippedeven"><td><a href="#m14">email_solution</a></td></tr><tr class="skippedeven"><td><a href="#m15">email_solution</a></td></tr><tr class="skippedeven"><td><a href="#m16">loginToForest</a></td><td rowspan="1">1573207424159</td><td rowspan="1">1</td></tr><tr><th colspan="4">Journeys &#8212; passed</th></tr><tr class="passedeven"><td rowspan="2">com.upnorway.testcases.Experiences</td><td><a href="#m17">experience_enquire</a></td><td rowspan="1">1573207339277</td><td rowspan="1">61667</td></tr><tr class="passedeven"><td><a href="#m18">search_experiences</a></td><td rowspan="1">1573207403825</td><td rowspan="1">16714</td></tr><tr class="passedodd"><td rowspan="1">com.upnorway.testcases.General</td><td><a href="#m19">loginToForest</a></td><td rowspan="1">1573207427392</td><td rowspan="1">21832</td></tr><tr class="passedeven"><td rowspan="2">com.upnorway.testcases.Journeys</td><td><a href="#m20">journey_enquire</a></td><td rowspan="1">1573207252112</td><td rowspan="1">63726</td></tr><tr class="passedeven"><td><a href="#m21">search_journeys</a></td><td rowspan="1">1573207318911</td><td rowspan="1">16380</td></tr><tr class="passedodd"><td rowspan="1">com.upnorway.testcases.Upguides</td><td><a href="#m22">search_upguides</a></td><td rowspan="1">1573207177204</td><td rowspan="1">14194</td></tr></tbody></table><h2>Home page</h2><h3 id="m0">com.upnorway.testcases.SearchAnything#navigate_Pagination</h3><table class="result"><tr class="param"><th>Parameter #1</th></tr><tr class="param stripe"><td>summer</td></tr></table><p class="totop"><a href="#summary">back to summary</a></p><h3 id="m1">com.upnorway.testcases.SearchAnything#search_Pagination</h3><table class="result"><tr class="param"><th>Parameter #1</th></tr><tr class="param stripe"><td>summer</td></tr></table><p class="totop"><a href="#summary">back to summary</a></p><h3 id="m2">com.upnorway.testcases.SearchAnything#search_for_less</h3><table class="result"><tr class="param"><th>Parameter #1</th></tr><tr class="param stripe"><td>drifting</td></tr></table><p class="totop"><a href="#summary">back to summary</a></p><h3 id="m3">com.upnorway.testcases.SearchAnything#search_for_many</h3><table class="result"><tr class="param"><th>Parameter #1</th></tr><tr class="param stripe"><td>summer</td></tr></table><p class="totop"><a href="#summary">back to summary</a></p><h3 id="m4">com.upnorway.testcases.SendEnquiry#send_Enquiry</h3><table class="result"><tr class="param"><th>Parameter #1</th><th>Parameter #2</th><th>Parameter #3</th><th>Parameter #4</th></tr><tr class="param stripe"><td>Indika</td><td>White</td><td>dana@ufc.com</td><td>I would love to travel Norway</td></tr></table><p class="totop"><a href="#summary">back to summary</a></p><h3 id="m5">com.upnorway.testcases.TailorMyJourney#send_Enquiry</h3><table class="result"><tr class="param"><th>Parameter #1</th><th>Parameter #2</th><th>Parameter #3</th><th>Parameter #4</th></tr><tr class="param stripe"><td>Indika</td><td>White</td><td>dana@ufc.com</td><td>I would love to travel Norway</td></tr></table><p class="totop"><a href="#summary">back to summary</a></p><h3 id="m6">com.upnorway.testcases.TailorMyJourney#tailorMyJourney_ValidationCheck</h3><table class="result"><tr class="param"><th>Parameter #1</th><th>Parameter #2</th><th>Parameter #3</th><th>Parameter #4</th><th>Parameter #5</th><th>Parameter #6</th><th>Parameter #7</th><th>Parameter #8</th><th>Parameter #9</th><th>Parameter #10</th></tr><tr class="param stripe"><td>Indika</td><td>White</td><td>44 years young</td><td>dana@ufc.com</td><td>0097444667</td><td>31st of December 2030</td><td>4</td><td>Enterprenuer</td><td>9</td><td>United States of America</td></tr></table><p class="totop"><a href="#summary">back to summary</a></p><h3 id="m7">com.upnorway.testcases.TailorMyJourney#testTailorMyJourenyBackToHome</h3><table class="result"><tr class="param"><th>Parameter #1</th><th>Parameter #2</th></tr><tr class="param stripe"><td>Indika</td><td>AUTHENTIC EXPERIENCES FOR THE DISCERNING TRAVELER</td></tr></table><p class="totop"><a href="#summary">back to summary</a></p><h3 id="m8">com.upnorway.testcases.TailorMyJourney#testTailorMyJourenyUPNorwayLogo</h3><table class="result"><tr class="param"><th>Parameter #1</th><th>Parameter #2</th></tr><tr class="param stripe"><td>Indika</td><td>AUTHENTIC EXPERIENCES FOR THE DISCERNING TRAVELER</td></tr></table><p class="totop"><a href="#summary">back to summary</a></p><h3 id="m9">com.upnorway.testcases.TailorMyJourney#testTailorMyJourneyContactInfoValidating</h3><table class="result"><tr class="param"><th>Parameter #1</th><th>Parameter #2</th><th>Parameter #3</th><th>Parameter #4</th><th>Parameter #5</th><th>Parameter #6</th><th>Parameter #7</th><th>Parameter #8</th><th>Parameter #9</th><th>Parameter #10</th><th>Parameter #11</th></tr><tr class="param stripe"><td>Indika</td><td>White</td><td>44 years young</td><td>dana@ufc.com</td><td>0097444667</td><td>31st of December 2030</td><td>4</td><td>Enterprenuer</td><td>9</td><td>United States of America</td><td>Please fill out all the required fields.</td></tr></table><p class="totop"><a href="#summary">back to summary</a></p><h2>Journeys</h2><h3 id="m10">com.upnorway.testcases.General#email_solution</h3><table class="result"><tr class="param"><th>Parameter #1</th></tr><tr class="param stripe"><td>{forestlink=https://admin.upnorway.com/39042/data/1571867/index/record/1571865/393/summary, reply=second exp reply, message=scond exp message1, shortlink=https://stag.upnorway.net/partner-experience-confirmation/72896100-d9d8-11e9-bdb9-ab6150a97012/message, runmode=Y}</td></tr><tr><th>Messages</th></tr><tr><td><div class="messages">Click to see Screenshot<br/>&lt;a target=&quot;_blank&quot; href=Fri_Nov_08_15_36_07_IST_2019.jpg&gt;Screenshot&lt;/a&gt;<br/>&lt;br&gt;<br/>&lt;br&gt;<br/>&lt;a target=&quot;_blank&quot; href=Fri_Nov_08_15_36_07_IST_2019.jpg&gt;&lt;img src=Fri_Nov_08_15_36_07_IST_2019.jpg height=200 width=200&gt;&lt;/img&gt;&lt;/a&gt;</div></td></tr><tr><th>Exception</th></tr><tr><td><div class="stacktrace">org.openqa.selenium.NoSuchElementException: no such element: Unable to locate element: {&quot;method&quot;:&quot;xpath&quot;,&quot;selector&quot;:&quot;(//ul[@class=&apos;c-dropdown-actions&apos;]/li)[2]&quot;}
  (Session info: chrome=78.0.3904.87)
  (Driver info: chromedriver=78.0.3904.70 (edb9c9f3de0247fd912a77b7f6cae7447f6d3ad5-refs/branch-heads/3904@{#800}),platform=Windows NT 10.0.18362 x86_64) (WARNING: The server did not provide any stacktrace information)
Command duration or timeout: 20.08 seconds
For documentation on this error, please visit: http://seleniumhq.org/exceptions/no_such_element.html
Build info: version: &apos;2.53.1&apos;, revision: &apos;a36b8b1cd5757287168e54b817830adce9b0158d&apos;, time: &apos;2016-06-30 19:26:09&apos;
System info: host: &apos;ArshadM&apos;, ip: &apos;172.20.8.71&apos;, os.name: &apos;Windows 10&apos;, os.arch: &apos;amd64&apos;, os.version: &apos;10.0&apos;, java.version: &apos;1.8.0_221&apos;
Driver info: org.openqa.selenium.chrome.ChromeDriver
Capabilities [{mobileEmulationEnabled=false, timeouts={implicit=0, pageLoad=300000, script=30000}, hasTouchScreen=false, platform=XP, acceptSslCerts=false, goog:chromeOptions={debuggerAddress=localhost:55018}, acceptInsecureCerts=false, webStorageEnabled=true, browserName=chrome, takesScreenshot=true, javascriptEnabled=true, setWindowRect=true, unexpectedAlertBehaviour=ignore, applicationCacheEnabled=false, rotatable=false, networkConnectionEnabled=false, chrome={chromedriverVersion=78.0.3904.70 (edb9c9f3de0247fd912a77b7f6cae7447f6d3ad5-refs/branch-heads/3904@{#800}), userDataDir=C:\Users\arshadm\AppData\Local\Temp\scoped_dir15520_1772515181}, takesHeapSnapshot=true, pageLoadStrategy=normal, strictFileInteractability=false, databaseEnabled=false, handlesAlerts=true, version=78.0.3904.87, browserConnectionEnabled=false, proxy={}, nativeEvents=true, locationContextEnabled=true, cssSelectorsEnabled=true}]
Session ID: 2b544265d6c6d2dea52f83f4c281db46
*** Element info: {Using=xpath, value=(//ul[@class=&apos;c-dropdown-actions&apos;]/li)[2]}
	at org.openqa.selenium.remote.ErrorHandler.createThrowable(ErrorHandler.java:206)
	at org.openqa.selenium.remote.ErrorHandler.throwIfResponseFailed(ErrorHandler.java:158)
	at org.openqa.selenium.remote.RemoteWebDriver.execute(RemoteWebDriver.java:678)
	at org.openqa.selenium.remote.RemoteWebDriver.findElement(RemoteWebDriver.java:363)
	at org.openqa.selenium.remote.RemoteWebDriver.findElementByXPath(RemoteWebDriver.java:500)
	at org.openqa.selenium.By$ByXPath.findElement(By.java:361)
	at org.openqa.selenium.remote.RemoteWebDriver.findElement(RemoteWebDriver.java:355)
	at com.upnorway.base.TestBase.click(TestBase.java:184)
	at com.upnorway.testcases.General.email_solution(General.java:72)
... Removed 28 stack frames</div></td></tr></table><p class="totop"><a href="#summary">back to summary</a></p><h3 id="m11">com.upnorway.testcases.General#email_solution</h3><table class="result"><tr class="param"><th>Parameter #1</th></tr><tr class="param stripe"><td>{forestlink=https://admin.upnorway.com/39042/data/1571867/index/record/1571865/389/summary, reply=arshad stag evn reply 1, message=arshad staging env m1, shortlink=https://stag.upnorway.net/partner-experience-confirmation/91c1f460-d94c-11e9-ac5b-e3e736247283/message, runmode=Y}</td></tr><tr><th>Messages</th></tr><tr><td><div class="messages">Click to see Screenshot<br/>&lt;a target=&quot;_blank&quot; href=Fri_Nov_08_15_35_11_IST_2019.jpg&gt;Screenshot&lt;/a&gt;<br/>&lt;br&gt;<br/>&lt;br&gt;<br/>&lt;a target=&quot;_blank&quot; href=Fri_Nov_08_15_35_11_IST_2019.jpg&gt;&lt;img src=Fri_Nov_08_15_35_11_IST_2019.jpg height=200 width=200&gt;&lt;/img&gt;&lt;/a&gt;</div></td></tr><tr><th>Exception</th></tr><tr><td><div class="stacktrace">org.openqa.selenium.NoSuchElementException: no such element: Unable to locate element: {&quot;method&quot;:&quot;xpath&quot;,&quot;selector&quot;:&quot;(//ul[@class=&apos;c-dropdown-actions&apos;]/li)[2]&quot;}
  (Session info: chrome=78.0.3904.87)
  (Driver info: chromedriver=78.0.3904.70 (edb9c9f3de0247fd912a77b7f6cae7447f6d3ad5-refs/branch-heads/3904@{#800}),platform=Windows NT 10.0.18362 x86_64) (WARNING: The server did not provide any stacktrace information)
Command duration or timeout: 20.14 seconds
For documentation on this error, please visit: http://seleniumhq.org/exceptions/no_such_element.html
Build info: version: &apos;2.53.1&apos;, revision: &apos;a36b8b1cd5757287168e54b817830adce9b0158d&apos;, time: &apos;2016-06-30 19:26:09&apos;
System info: host: &apos;ArshadM&apos;, ip: &apos;172.20.8.71&apos;, os.name: &apos;Windows 10&apos;, os.arch: &apos;amd64&apos;, os.version: &apos;10.0&apos;, java.version: &apos;1.8.0_221&apos;
Driver info: org.openqa.selenium.chrome.ChromeDriver
Capabilities [{mobileEmulationEnabled=false, timeouts={implicit=0, pageLoad=300000, script=30000}, hasTouchScreen=false, platform=XP, acceptSslCerts=false, goog:chromeOptions={debuggerAddress=localhost:55018}, acceptInsecureCerts=false, webStorageEnabled=true, browserName=chrome, takesScreenshot=true, javascriptEnabled=true, setWindowRect=true, unexpectedAlertBehaviour=ignore, applicationCacheEnabled=false, rotatable=false, networkConnectionEnabled=false, chrome={chromedriverVersion=78.0.3904.70 (edb9c9f3de0247fd912a77b7f6cae7447f6d3ad5-refs/branch-heads/3904@{#800}), userDataDir=C:\Users\arshadm\AppData\Local\Temp\scoped_dir15520_1772515181}, takesHeapSnapshot=true, pageLoadStrategy=normal, strictFileInteractability=false, databaseEnabled=false, handlesAlerts=true, version=78.0.3904.87, browserConnectionEnabled=false, proxy={}, nativeEvents=true, locationContextEnabled=true, cssSelectorsEnabled=true}]
Session ID: 2b544265d6c6d2dea52f83f4c281db46
*** Element info: {Using=xpath, value=(//ul[@class=&apos;c-dropdown-actions&apos;]/li)[2]}
	at org.openqa.selenium.remote.ErrorHandler.createThrowable(ErrorHandler.java:206)
	at org.openqa.selenium.remote.ErrorHandler.throwIfResponseFailed(ErrorHandler.java:158)
	at org.openqa.selenium.remote.RemoteWebDriver.execute(RemoteWebDriver.java:678)
	at org.openqa.selenium.remote.RemoteWebDriver.findElement(RemoteWebDriver.java:363)
	at org.openqa.selenium.remote.RemoteWebDriver.findElementByXPath(RemoteWebDriver.java:500)
	at org.openqa.selenium.By$ByXPath.findElement(By.java:361)
	at org.openqa.selenium.remote.RemoteWebDriver.findElement(RemoteWebDriver.java:355)
	at com.upnorway.base.TestBase.click(TestBase.java:184)
	at com.upnorway.testcases.General.email_solution(General.java:72)
... Removed 28 stack frames</div></td></tr></table><p class="totop"><a href="#summary">back to summary</a></p><h3 id="m12">com.upnorway.testcases.Upguides#upguide_go_to_journey</h3><table class="result"><tr class="param"><th>Parameter #1</th><th>Parameter #2</th><th>Parameter #3</th><th>Parameter #4</th><th>Parameter #5</th><th>Parameter #6</th></tr><tr class="param stripe"><td>Narendra</td><td>Singh Modhi</td><td>president@india.com</td><td>9876543</td><td>India</td><td>5</td></tr><tr><th colspan="6">Messages</th></tr><tr><td colspan="6"><div class="messages">Click to see Screenshot<br/>&lt;a target=&quot;_blank&quot; href=Fri_Nov_08_15_30_48_IST_2019.jpg&gt;Screenshot&lt;/a&gt;<br/>&lt;br&gt;<br/>&lt;br&gt;<br/>&lt;a target=&quot;_blank&quot; href=Fri_Nov_08_15_30_48_IST_2019.jpg&gt;&lt;img src=Fri_Nov_08_15_30_48_IST_2019.jpg height=200 width=200&gt;&lt;/img&gt;&lt;/a&gt;</div></td></tr><tr><th colspan="6">Exception</th></tr><tr><td colspan="6"><div class="stacktrace">org.openqa.selenium.NoSuchElementException: no such element: Unable to locate element: {&quot;method&quot;:&quot;xpath&quot;,&quot;selector&quot;:&quot;(//*[contains(text(),&apos;Go to &apos;)])[1]&quot;}
  (Session info: chrome=78.0.3904.87)
  (Driver info: chromedriver=78.0.3904.70 (edb9c9f3de0247fd912a77b7f6cae7447f6d3ad5-refs/branch-heads/3904@{#800}),platform=Windows NT 10.0.18362 x86_64) (WARNING: The server did not provide any stacktrace information)
Command duration or timeout: 20.05 seconds
For documentation on this error, please visit: http://seleniumhq.org/exceptions/no_such_element.html
Build info: version: &apos;2.53.1&apos;, revision: &apos;a36b8b1cd5757287168e54b817830adce9b0158d&apos;, time: &apos;2016-06-30 19:26:09&apos;
System info: host: &apos;ArshadM&apos;, ip: &apos;172.20.8.71&apos;, os.name: &apos;Windows 10&apos;, os.arch: &apos;amd64&apos;, os.version: &apos;10.0&apos;, java.version: &apos;1.8.0_221&apos;
Driver info: org.openqa.selenium.chrome.ChromeDriver
Capabilities [{mobileEmulationEnabled=false, timeouts={implicit=0, pageLoad=300000, script=30000}, hasTouchScreen=false, platform=XP, acceptSslCerts=false, goog:chromeOptions={debuggerAddress=localhost:55018}, acceptInsecureCerts=false, webStorageEnabled=true, browserName=chrome, takesScreenshot=true, javascriptEnabled=true, setWindowRect=true, unexpectedAlertBehaviour=ignore, applicationCacheEnabled=false, rotatable=false, networkConnectionEnabled=false, chrome={chromedriverVersion=78.0.3904.70 (edb9c9f3de0247fd912a77b7f6cae7447f6d3ad5-refs/branch-heads/3904@{#800}), userDataDir=C:\Users\arshadm\AppData\Local\Temp\scoped_dir15520_1772515181}, takesHeapSnapshot=true, pageLoadStrategy=normal, strictFileInteractability=false, databaseEnabled=false, handlesAlerts=true, version=78.0.3904.87, browserConnectionEnabled=false, proxy={}, nativeEvents=true, locationContextEnabled=true, cssSelectorsEnabled=true}]
Session ID: 2b544265d6c6d2dea52f83f4c281db46
*** Element info: {Using=xpath, value=(//*[contains(text(),&apos;Go to &apos;)])[1]}
	at org.openqa.selenium.remote.ErrorHandler.createThrowable(ErrorHandler.java:206)
	at org.openqa.selenium.remote.ErrorHandler.throwIfResponseFailed(ErrorHandler.java:158)
	at org.openqa.selenium.remote.RemoteWebDriver.execute(RemoteWebDriver.java:678)
	at org.openqa.selenium.remote.RemoteWebDriver.findElement(RemoteWebDriver.java:363)
	at org.openqa.selenium.remote.RemoteWebDriver.findElementByXPath(RemoteWebDriver.java:500)
	at org.openqa.selenium.By$ByXPath.findElement(By.java:361)
	at org.openqa.selenium.remote.RemoteWebDriver.findElement(RemoteWebDriver.java:355)
	at com.upnorway.base.TestBase.click(TestBase.java:184)
	at com.upnorway.testcases.Upguides.upguide_go_to_journey(Upguides.java:139)
... Removed 28 stack frames</div></td></tr></table><p class="totop"><a href="#summary">back to summary</a></p><h3 id="m13">com.upnorway.testcases.General#email_solution</h3><table class="result"><tr class="param"><th>Parameter #1</th></tr><tr class="param stripe"><td>{forestlink=https://admin.upnorway.com/39039/data/1571794/index/record/1571792/537/summary, reply=arshad second reply 888, message=arshad first message, shortlink=https://qa.upnorway.net/partner-experience-confirmation/21ae5b60-c7df-11e9-8a1b-5da771ba9daa/message, runmode=N}</td></tr><tr><th>Exception</th></tr><tr><td><div class="stacktrace">org.testng.SkipException: Skipping the test case as the Run mode for data set is NO
	at com.upnorway.testcases.General.email_solution(General.java:55)
... Removed 24 stack frames</div></td></tr></table><p class="totop"><a href="#summary">back to summary</a></p><h3 id="m14">com.upnorway.testcases.General#email_solution</h3><table class="result"><tr class="param"><th>Parameter #1</th></tr><tr class="param stripe"><td>{forestlink=https://admin.upnorway.com/39039/data/1571794/index/record/1571792/561/summary, reply=auto third reply, message=auto third message, shortlink=https://qa.upnorway.net/partner-experience-confirmation/e5af5490-daa6-11e9-9c60-6faa94e82755/message, runmode=N}</td></tr><tr><th>Exception</th></tr><tr><td><div class="stacktrace">org.testng.SkipException: Skipping the test case as the Run mode for data set is NO
	at com.upnorway.testcases.General.email_solution(General.java:55)
... Removed 24 stack frames</div></td></tr></table><p class="totop"><a href="#summary">back to summary</a></p><h3 id="m15">com.upnorway.testcases.General#email_solution</h3><table class="result"><tr class="param"><th>Parameter #1</th></tr><tr class="param stripe"><td>{forestlink=https://admin.upnorway.com/39039/data/1571794/index/record/1571792/561/summary, reply=auto first reply, message=auto first message, shortlink=https://qa.upnorway.net/partner-experience-confirmation/e5af5490-daa6-11e9-9c60-6faa94e82755/message, runmode=N}</td></tr><tr><th>Exception</th></tr><tr><td><div class="stacktrace">org.testng.SkipException: Skipping the test case as the Run mode for data set is NO
	at com.upnorway.testcases.General.email_solution(General.java:55)
... Removed 24 stack frames</div></td></tr></table><p class="totop"><a href="#summary">back to summary</a></p><h3 id="m16">com.upnorway.testcases.General#loginToForest</h3><table class="result"><tr class="param"><th>Parameter #1</th></tr><tr class="param stripe"><td>{forestlink=https://admin.upnorway.com/39039/data/1571794/index/record/1571792/561/summary, runmode=N}</td></tr><tr><th>Exception</th></tr><tr><td><div class="stacktrace">org.testng.SkipException: Skipping the test case as the Run mode for data set is NO
	at com.upnorway.testcases.General.loginToForest(General.java:21)
... Removed 24 stack frames</div></td></tr></table><p class="totop"><a href="#summary">back to summary</a></p><h3 id="m17">com.upnorway.testcases.Experiences#experience_enquire</h3><table class="result"><tr class="param"><th>Parameter #1</th><th>Parameter #2</th><th>Parameter #3</th><th>Parameter #4</th><th>Parameter #5</th><th>Parameter #6</th><th>Parameter #7</th></tr><tr class="param stripe"><td>fish</td><td>Narendra</td><td>Singh Modhi</td><td>president@india.com</td><td>9876543</td><td>India</td><td>5</td></tr></table><p class="totop"><a href="#summary">back to summary</a></p><h3 id="m18">com.upnorway.testcases.Experiences#search_experiences</h3><table class="result"><tr class="param"><th>Parameter #1</th></tr><tr class="param stripe"><td>eat</td></tr></table><p class="totop"><a href="#summary">back to summary</a></p><h3 id="m19">com.upnorway.testcases.General#loginToForest</h3><table class="result"><tr class="param"><th>Parameter #1</th></tr><tr class="param stripe"><td>{forestlink=https://admin.upnorway.com/39042/data/1571867/index/record/1571865/389/summary, runmode=Y}</td></tr></table><p class="totop"><a href="#summary">back to summary</a></p><h3 id="m20">com.upnorway.testcases.Journeys#journey_enquire</h3><table class="result"><tr class="param"><th>Parameter #1</th><th>Parameter #2</th><th>Parameter #3</th><th>Parameter #4</th><th>Parameter #5</th><th>Parameter #6</th><th>Parameter #7</th></tr><tr class="param stripe"><td>fish</td><td>Narendra</td><td>Singh Modhi</td><td>president@india.com</td><td>9876543</td><td>India</td><td>5</td></tr></table><p class="totop"><a href="#summary">back to summary</a></p><h3 id="m21">com.upnorway.testcases.Journeys#search_journeys</h3><table class="result"><tr class="param"><th>Parameter #1</th></tr><tr class="param stripe"><td>Os</td></tr></table><p class="totop"><a href="#summary">back to summary</a></p><h3 id="m22">com.upnorway.testcases.Upguides#search_upguides</h3><table class="result"><tr class="param"><th>Parameter #1</th></tr><tr class="param stripe"><td>cross</td></tr></table><p class="totop"><a href="#summary">back to summary</a></p></body></html>