<?xml version="1.0" encoding="UTF-8"?>
<testng-results skipped="4" failed="3" total="23" passed="16">
  <reporter-output>
    <line>
      <![CDATA[Click to see Screenshot]]>
    </line>
    <line>
      <![CDATA[<a target="_blank" href=Fri_Nov_08_15_30_48_IST_2019.jpg>Screenshot</a>]]>
    </line>
    <line>
      <![CDATA[<br>]]>
    </line>
    <line>
      <![CDATA[<br>]]>
    </line>
    <line>
      <![CDATA[<a target="_blank" href=Fri_Nov_08_15_30_48_IST_2019.jpg><img src=Fri_Nov_08_15_30_48_IST_2019.jpg height=200 width=200></img></a>]]>
    </line>
    <line>
      <![CDATA[Click to see Screenshot]]>
    </line>
    <line>
      <![CDATA[<a target="_blank" href=Fri_Nov_08_15_35_11_IST_2019.jpg>Screenshot</a>]]>
    </line>
    <line>
      <![CDATA[<br>]]>
    </line>
    <line>
      <![CDATA[<br>]]>
    </line>
    <line>
      <![CDATA[<a target="_blank" href=Fri_Nov_08_15_35_11_IST_2019.jpg><img src=Fri_Nov_08_15_35_11_IST_2019.jpg height=200 width=200></img></a>]]>
    </line>
    <line>
      <![CDATA[Click to see Screenshot]]>
    </line>
    <line>
      <![CDATA[<a target="_blank" href=Fri_Nov_08_15_36_07_IST_2019.jpg>Screenshot</a>]]>
    </line>
    <line>
      <![CDATA[<br>]]>
    </line>
    <line>
      <![CDATA[<br>]]>
    </line>
    <line>
      <![CDATA[<a target="_blank" href=Fri_Nov_08_15_36_07_IST_2019.jpg><img src=Fri_Nov_08_15_36_07_IST_2019.jpg height=200 width=200></img></a>]]>
    </line>
  </reporter-output>
  <suite name="Suite" duration-ms="548958" started-at="2019-11-08T09:56:59Z" finished-at="2019-11-08T10:06:08Z">
    <groups>
    </groups>
    <test name="Home page" duration-ms="154781" started-at="2019-11-08T09:56:59Z" finished-at="2019-11-08T09:59:33Z">
      <class name="com.upnorway.testcases.TailorMyJourney">
        <test-method status="PASS" signature="beforeTest()[pri:0, instance:com.upnorway.testcases.TailorMyJourney@7e7be63f]" name="beforeTest" is-config="true" duration-ms="3123" started-at="2019-11-08T15:26:59Z" finished-at="2019-11-08T15:27:02Z">
          <reporter-output>
          </reporter-output>
        </test-method> <!-- beforeTest -->
        <test-method status="PASS" signature="send_Enquiry(java.lang.String, java.lang.String, java.lang.String, java.lang.String)[pri:0, instance:com.upnorway.testcases.TailorMyJourney@7e7be63f]" name="send_Enquiry" duration-ms="11798" started-at="2019-11-08T15:27:02Z" finished-at="2019-11-08T15:27:14Z">
          <params>
            <param index="0">
              <value>
                <![CDATA[Indika]]>
              </value>
            </param>
            <param index="1">
              <value>
                <![CDATA[White]]>
              </value>
            </param>
            <param index="2">
              <value>
                <![CDATA[dana@ufc.com]]>
              </value>
            </param>
            <param index="3">
              <value>
                <![CDATA[I would love to travel Norway]]>
              </value>
            </param>
          </params>
          <reporter-output>
          </reporter-output>
        </test-method> <!-- send_Enquiry -->
        <test-method status="PASS" signature="beforeTest()[pri:0, instance:com.upnorway.testcases.TailorMyJourney@7e7be63f]" name="beforeTest" is-config="true" duration-ms="2789" started-at="2019-11-08T15:27:14Z" finished-at="2019-11-08T15:27:17Z">
          <reporter-output>
          </reporter-output>
        </test-method> <!-- beforeTest -->
        <test-method status="PASS" signature="tailorMyJourney_ValidationCheck(java.lang.String, java.lang.String, java.lang.String, java.lang.String, java.lang.String, java.lang.String, java.lang.String, java.lang.String, java.lang.String, java.lang.String)[pri:0, instance:com.upnorway.testcases.TailorMyJourney@7e7be63f]" name="tailorMyJourney_ValidationCheck" duration-ms="20253" started-at="2019-11-08T15:27:17Z" finished-at="2019-11-08T15:27:37Z">
          <params>
            <param index="0">
              <value>
                <![CDATA[Indika]]>
              </value>
            </param>
            <param index="1">
              <value>
                <![CDATA[White]]>
              </value>
            </param>
            <param index="2">
              <value>
                <![CDATA[44 years young]]>
              </value>
            </param>
            <param index="3">
              <value>
                <![CDATA[dana@ufc.com]]>
              </value>
            </param>
            <param index="4">
              <value>
                <![CDATA[0097444667]]>
              </value>
            </param>
            <param index="5">
              <value>
                <![CDATA[31st of December 2030]]>
              </value>
            </param>
            <param index="6">
              <value>
                <![CDATA[4]]>
              </value>
            </param>
            <param index="7">
              <value>
                <![CDATA[Enterprenuer]]>
              </value>
            </param>
            <param index="8">
              <value>
                <![CDATA[9]]>
              </value>
            </param>
            <param index="9">
              <value>
                <![CDATA[United States of America]]>
              </value>
            </param>
          </params>
          <reporter-output>
          </reporter-output>
        </test-method> <!-- tailorMyJourney_ValidationCheck -->
        <test-method status="PASS" signature="beforeTest()[pri:0, instance:com.upnorway.testcases.TailorMyJourney@7e7be63f]" name="beforeTest" is-config="true" duration-ms="2140" started-at="2019-11-08T15:27:37Z" finished-at="2019-11-08T15:27:39Z">
          <reporter-output>
          </reporter-output>
        </test-method> <!-- beforeTest -->
        <test-method status="PASS" signature="testTailorMyJourenyBackToHome(java.lang.String, java.lang.String)[pri:0, instance:com.upnorway.testcases.TailorMyJourney@7e7be63f]" name="testTailorMyJourenyBackToHome" duration-ms="4761" started-at="2019-11-08T15:27:39Z" finished-at="2019-11-08T15:27:44Z">
          <params>
            <param index="0">
              <value>
                <![CDATA[Indika]]>
              </value>
            </param>
            <param index="1">
              <value>
                <![CDATA[AUTHENTIC EXPERIENCES FOR THE DISCERNING TRAVELER]]>
              </value>
            </param>
          </params>
          <reporter-output>
          </reporter-output>
        </test-method> <!-- testTailorMyJourenyBackToHome -->
        <test-method status="PASS" signature="beforeTest()[pri:0, instance:com.upnorway.testcases.TailorMyJourney@7e7be63f]" name="beforeTest" is-config="true" duration-ms="2437" started-at="2019-11-08T15:27:44Z" finished-at="2019-11-08T15:27:47Z">
          <reporter-output>
          </reporter-output>
        </test-method> <!-- beforeTest -->
        <test-method status="PASS" signature="testTailorMyJourenyUPNorwayLogo(java.lang.String, java.lang.String)[pri:0, instance:com.upnorway.testcases.TailorMyJourney@7e7be63f]" name="testTailorMyJourenyUPNorwayLogo" duration-ms="5499" started-at="2019-11-08T15:27:47Z" finished-at="2019-11-08T15:27:52Z">
          <params>
            <param index="0">
              <value>
                <![CDATA[Indika]]>
              </value>
            </param>
            <param index="1">
              <value>
                <![CDATA[AUTHENTIC EXPERIENCES FOR THE DISCERNING TRAVELER]]>
              </value>
            </param>
          </params>
          <reporter-output>
          </reporter-output>
        </test-method> <!-- testTailorMyJourenyUPNorwayLogo -->
        <test-method status="PASS" signature="beforeTest()[pri:0, instance:com.upnorway.testcases.TailorMyJourney@7e7be63f]" name="beforeTest" is-config="true" duration-ms="3087" started-at="2019-11-08T15:27:52Z" finished-at="2019-11-08T15:27:55Z">
          <reporter-output>
          </reporter-output>
        </test-method> <!-- beforeTest -->
        <test-method status="PASS" signature="testTailorMyJourneyContactInfoValidating(java.lang.String, java.lang.String, java.lang.String, java.lang.String, java.lang.String, java.lang.String, java.lang.String, java.lang.String, java.lang.String, java.lang.String, java.lang.String)[pri:0, instance:com.upnorway.testcases.TailorMyJourney@7e7be63f]" name="testTailorMyJourneyContactInfoValidating" duration-ms="16547" started-at="2019-11-08T15:27:55Z" finished-at="2019-11-08T15:28:12Z">
          <params>
            <param index="0">
              <value>
                <![CDATA[Indika]]>
              </value>
            </param>
            <param index="1">
              <value>
                <![CDATA[White]]>
              </value>
            </param>
            <param index="2">
              <value>
                <![CDATA[44 years young]]>
              </value>
            </param>
            <param index="3">
              <value>
                <![CDATA[dana@ufc.com]]>
              </value>
            </param>
            <param index="4">
              <value>
                <![CDATA[0097444667]]>
              </value>
            </param>
            <param index="5">
              <value>
                <![CDATA[31st of December 2030]]>
              </value>
            </param>
            <param index="6">
              <value>
                <![CDATA[4]]>
              </value>
            </param>
            <param index="7">
              <value>
                <![CDATA[Enterprenuer]]>
              </value>
            </param>
            <param index="8">
              <value>
                <![CDATA[9]]>
              </value>
            </param>
            <param index="9">
              <value>
                <![CDATA[United States of America]]>
              </value>
            </param>
            <param index="10">
              <value>
                <![CDATA[Please fill out all the required fields.]]>
              </value>
            </param>
          </params>
          <reporter-output>
          </reporter-output>
        </test-method> <!-- testTailorMyJourneyContactInfoValidating -->
      </class> <!-- com.upnorway.testcases.TailorMyJourney -->
      <class name="com.upnorway.testcases.SearchAnything">
        <test-method status="PASS" signature="beforeTest()[pri:0, instance:com.upnorway.testcases.SearchAnything@614ca7df]" name="beforeTest" is-config="true" duration-ms="1864" started-at="2019-11-08T15:28:21Z" finished-at="2019-11-08T15:28:23Z">
          <reporter-output>
          </reporter-output>
        </test-method> <!-- beforeTest -->
        <test-method status="PASS" signature="navigate_Pagination(java.lang.String)[pri:0, instance:com.upnorway.testcases.SearchAnything@614ca7df]" name="navigate_Pagination" duration-ms="14096" started-at="2019-11-08T15:28:23Z" finished-at="2019-11-08T15:28:37Z">
          <params>
            <param index="0">
              <value>
                <![CDATA[summer]]>
              </value>
            </param>
          </params>
          <reporter-output>
          </reporter-output>
        </test-method> <!-- navigate_Pagination -->
        <test-method status="PASS" signature="beforeTest()[pri:0, instance:com.upnorway.testcases.SearchAnything@614ca7df]" name="beforeTest" is-config="true" duration-ms="2585" started-at="2019-11-08T15:28:37Z" finished-at="2019-11-08T15:28:40Z">
          <reporter-output>
          </reporter-output>
        </test-method> <!-- beforeTest -->
        <test-method status="PASS" signature="search_Pagination(java.lang.String)[pri:0, instance:com.upnorway.testcases.SearchAnything@614ca7df]" name="search_Pagination" duration-ms="10217" started-at="2019-11-08T15:28:40Z" finished-at="2019-11-08T15:28:50Z">
          <params>
            <param index="0">
              <value>
                <![CDATA[summer]]>
              </value>
            </param>
          </params>
          <reporter-output>
          </reporter-output>
        </test-method> <!-- search_Pagination -->
        <test-method status="PASS" signature="beforeTest()[pri:0, instance:com.upnorway.testcases.SearchAnything@614ca7df]" name="beforeTest" is-config="true" duration-ms="2676" started-at="2019-11-08T15:28:50Z" finished-at="2019-11-08T15:28:53Z">
          <reporter-output>
          </reporter-output>
        </test-method> <!-- beforeTest -->
        <test-method status="PASS" signature="search_for_many(java.lang.String)[pri:1, instance:com.upnorway.testcases.SearchAnything@614ca7df]" name="search_for_many" duration-ms="28253" started-at="2019-11-08T15:28:53Z" finished-at="2019-11-08T15:29:21Z">
          <params>
            <param index="0">
              <value>
                <![CDATA[summer]]>
              </value>
            </param>
          </params>
          <reporter-output>
          </reporter-output>
        </test-method> <!-- search_for_many -->
        <test-method status="PASS" signature="beforeTest()[pri:0, instance:com.upnorway.testcases.SearchAnything@614ca7df]" name="beforeTest" is-config="true" duration-ms="2976" started-at="2019-11-08T15:29:21Z" finished-at="2019-11-08T15:29:24Z">
          <reporter-output>
          </reporter-output>
        </test-method> <!-- beforeTest -->
        <test-method status="PASS" signature="search_for_less(java.lang.String)[pri:2, instance:com.upnorway.testcases.SearchAnything@614ca7df]" name="search_for_less" duration-ms="9414" started-at="2019-11-08T15:29:24Z" finished-at="2019-11-08T15:29:33Z">
          <params>
            <param index="0">
              <value>
                <![CDATA[drifting]]>
              </value>
            </param>
          </params>
          <reporter-output>
          </reporter-output>
        </test-method> <!-- search_for_less -->
      </class> <!-- com.upnorway.testcases.SearchAnything -->
      <class name="com.upnorway.testcases.Homepage">
        <test-method status="PASS" signature="afterTest()[pri:0, instance:com.upnorway.testcases.Homepage@5acf93bb]" name="afterTest" is-config="true" duration-ms="0" started-at="2019-11-08T15:29:33Z" finished-at="2019-11-08T15:29:33Z">
          <reporter-output>
          </reporter-output>
        </test-method> <!-- afterTest -->
      </class> <!-- com.upnorway.testcases.Homepage -->
      <class name="com.upnorway.testcases.SendEnquiry">
        <test-method status="PASS" signature="beforeTest()[pri:0, instance:com.upnorway.testcases.SendEnquiry@6cd28fa7]" name="beforeTest" is-config="true" duration-ms="1997" started-at="2019-11-08T15:28:12Z" finished-at="2019-11-08T15:28:14Z">
          <reporter-output>
          </reporter-output>
        </test-method> <!-- beforeTest -->
        <test-method status="PASS" signature="send_Enquiry(java.lang.String, java.lang.String, java.lang.String, java.lang.String)[pri:0, instance:com.upnorway.testcases.SendEnquiry@6cd28fa7]" name="send_Enquiry" duration-ms="7148" started-at="2019-11-08T15:28:14Z" finished-at="2019-11-08T15:28:21Z">
          <params>
            <param index="0">
              <value>
                <![CDATA[Indika]]>
              </value>
            </param>
            <param index="1">
              <value>
                <![CDATA[White]]>
              </value>
            </param>
            <param index="2">
              <value>
                <![CDATA[dana@ufc.com]]>
              </value>
            </param>
            <param index="3">
              <value>
                <![CDATA[I would love to travel Norway]]>
              </value>
            </param>
          </params>
          <reporter-output>
          </reporter-output>
        </test-method> <!-- send_Enquiry -->
      </class> <!-- com.upnorway.testcases.SendEnquiry -->
    </test> <!-- Home page -->
    <test name="Journeys" duration-ms="394151" started-at="2019-11-08T09:59:33Z" finished-at="2019-11-08T10:06:08Z">
      <class name="com.upnorway.testcases.General">
        <test-method status="PASS" signature="beforeTest()[pri:0, instance:com.upnorway.testcases.General@1de76cc7]" name="beforeTest" is-config="true" duration-ms="3573" started-at="2019-11-08T15:33:40Z" finished-at="2019-11-08T15:33:44Z">
          <reporter-output>
          </reporter-output>
        </test-method> <!-- beforeTest -->
        <test-method status="SKIP" signature="loginToForest(java.util.Hashtable)[pri:2, instance:com.upnorway.testcases.General@1de76cc7]" name="loginToForest" duration-ms="1" started-at="2019-11-08T15:33:44Z" data-provider="dp" finished-at="2019-11-08T15:33:44Z">
          <params>
            <param index="0">
              <value>
                <![CDATA[{forestlink=https://admin.upnorway.com/39039/data/1571794/index/record/1571792/561/summary, runmode=N}]]>
              </value>
            </param>
          </params>
          <exception class="org.testng.SkipException">
            <message>
              <![CDATA[Skipping the test case as the Run mode for data set is NO]]>
            </message>
            <full-stacktrace>
              <![CDATA[org.testng.SkipException: Skipping the test case as the Run mode for data set is NO
	at com.upnorway.testcases.General.loginToForest(General.java:21)
	at sun.reflect.NativeMethodAccessorImpl.invoke0(Native Method)
	at sun.reflect.NativeMethodAccessorImpl.invoke(NativeMethodAccessorImpl.java:62)
	at sun.reflect.DelegatingMethodAccessorImpl.invoke(DelegatingMethodAccessorImpl.java:43)
	at java.lang.reflect.Method.invoke(Method.java:498)
	at org.testng.internal.MethodInvocationHelper.invokeMethod(MethodInvocationHelper.java:86)
	at org.testng.internal.Invoker.invokeMethod(Invoker.java:645)
	at org.testng.internal.Invoker.invokeTestMethod(Invoker.java:822)
	at org.testng.internal.Invoker.invokeTestMethods(Invoker.java:1130)
	at org.testng.internal.TestMethodWorker.invokeTestMethods(TestMethodWorker.java:129)
	at org.testng.internal.TestMethodWorker.run(TestMethodWorker.java:112)
	at org.testng.TestRunner.privateRun(TestRunner.java:782)
	at org.testng.TestRunner.run(TestRunner.java:632)
	at org.testng.SuiteRunner.runTest(SuiteRunner.java:366)
	at org.testng.SuiteRunner.runSequentially(SuiteRunner.java:361)
	at org.testng.SuiteRunner.privateRun(SuiteRunner.java:319)
	at org.testng.SuiteRunner.run(SuiteRunner.java:268)
	at org.testng.SuiteRunnerWorker.runSuite(SuiteRunnerWorker.java:52)
	at org.testng.SuiteRunnerWorker.run(SuiteRunnerWorker.java:86)
	at org.testng.TestNG.runSuitesSequentially(TestNG.java:1244)
	at org.testng.TestNG.runSuitesLocally(TestNG.java:1169)
	at org.testng.TestNG.run(TestNG.java:1064)
	at org.testng.remote.RemoteTestNG.run(RemoteTestNG.java:113)
	at org.testng.remote.RemoteTestNG.initAndRun(RemoteTestNG.java:206)
	at org.testng.remote.RemoteTestNG.main(RemoteTestNG.java:177)
]]>
            </full-stacktrace>
          </exception> <!-- org.testng.SkipException -->
          <reporter-output>
          </reporter-output>
        </test-method> <!-- loginToForest -->
        <test-method status="PASS" signature="beforeTest()[pri:0, instance:com.upnorway.testcases.General@1de76cc7]" name="beforeTest" is-config="true" duration-ms="3141" started-at="2019-11-08T15:33:44Z" finished-at="2019-11-08T15:33:47Z">
          <reporter-output>
          </reporter-output>
        </test-method> <!-- beforeTest -->
        <test-method status="PASS" signature="loginToForest(java.util.Hashtable)[pri:2, instance:com.upnorway.testcases.General@1de76cc7]" name="loginToForest" duration-ms="21832" started-at="2019-11-08T15:33:47Z" data-provider="dp" finished-at="2019-11-08T15:34:09Z">
          <params>
            <param index="0">
              <value>
                <![CDATA[{forestlink=https://admin.upnorway.com/39042/data/1571867/index/record/1571865/389/summary, runmode=Y}]]>
              </value>
            </param>
          </params>
          <reporter-output>
          </reporter-output>
        </test-method> <!-- loginToForest -->
        <test-method status="PASS" signature="beforeTest()[pri:0, instance:com.upnorway.testcases.General@1de76cc7]" name="beforeTest" is-config="true" duration-ms="2118" started-at="2019-11-08T15:34:09Z" finished-at="2019-11-08T15:34:11Z">
          <reporter-output>
          </reporter-output>
        </test-method> <!-- beforeTest -->
        <test-method status="SKIP" signature="email_solution(java.util.Hashtable)[pri:3, instance:com.upnorway.testcases.General@1de76cc7]" name="email_solution" duration-ms="0" started-at="2019-11-08T15:34:11Z" data-provider="dp" finished-at="2019-11-08T15:34:11Z">
          <params>
            <param index="0">
              <value>
                <![CDATA[{forestlink=https://admin.upnorway.com/39039/data/1571794/index/record/1571792/561/summary, reply=auto first reply, message=auto first message, shortlink=https://qa.upnorway.net/partner-experience-confirmation/e5af5490-daa6-11e9-9c60-6faa94e82755/message, runmode=N}]]>
              </value>
            </param>
          </params>
          <exception class="org.testng.SkipException">
            <message>
              <![CDATA[Skipping the test case as the Run mode for data set is NO]]>
            </message>
            <full-stacktrace>
              <![CDATA[org.testng.SkipException: Skipping the test case as the Run mode for data set is NO
	at com.upnorway.testcases.General.email_solution(General.java:55)
	at sun.reflect.NativeMethodAccessorImpl.invoke0(Native Method)
	at sun.reflect.NativeMethodAccessorImpl.invoke(NativeMethodAccessorImpl.java:62)
	at sun.reflect.DelegatingMethodAccessorImpl.invoke(DelegatingMethodAccessorImpl.java:43)
	at java.lang.reflect.Method.invoke(Method.java:498)
	at org.testng.internal.MethodInvocationHelper.invokeMethod(MethodInvocationHelper.java:86)
	at org.testng.internal.Invoker.invokeMethod(Invoker.java:645)
	at org.testng.internal.Invoker.invokeTestMethod(Invoker.java:822)
	at org.testng.internal.Invoker.invokeTestMethods(Invoker.java:1130)
	at org.testng.internal.TestMethodWorker.invokeTestMethods(TestMethodWorker.java:129)
	at org.testng.internal.TestMethodWorker.run(TestMethodWorker.java:112)
	at org.testng.TestRunner.privateRun(TestRunner.java:782)
	at org.testng.TestRunner.run(TestRunner.java:632)
	at org.testng.SuiteRunner.runTest(SuiteRunner.java:366)
	at org.testng.SuiteRunner.runSequentially(SuiteRunner.java:361)
	at org.testng.SuiteRunner.privateRun(SuiteRunner.java:319)
	at org.testng.SuiteRunner.run(SuiteRunner.java:268)
	at org.testng.SuiteRunnerWorker.runSuite(SuiteRunnerWorker.java:52)
	at org.testng.SuiteRunnerWorker.run(SuiteRunnerWorker.java:86)
	at org.testng.TestNG.runSuitesSequentially(TestNG.java:1244)
	at org.testng.TestNG.runSuitesLocally(TestNG.java:1169)
	at org.testng.TestNG.run(TestNG.java:1064)
	at org.testng.remote.RemoteTestNG.run(RemoteTestNG.java:113)
	at org.testng.remote.RemoteTestNG.initAndRun(RemoteTestNG.java:206)
	at org.testng.remote.RemoteTestNG.main(RemoteTestNG.java:177)
]]>
            </full-stacktrace>
          </exception> <!-- org.testng.SkipException -->
          <reporter-output>
          </reporter-output>
        </test-method> <!-- email_solution -->
        <test-method status="PASS" signature="beforeTest()[pri:0, instance:com.upnorway.testcases.General@1de76cc7]" name="beforeTest" is-config="true" duration-ms="1614" started-at="2019-11-08T15:34:11Z" finished-at="2019-11-08T15:34:13Z">
          <reporter-output>
          </reporter-output>
        </test-method> <!-- beforeTest -->
        <test-method status="SKIP" signature="email_solution(java.util.Hashtable)[pri:3, instance:com.upnorway.testcases.General@1de76cc7]" name="email_solution" duration-ms="0" started-at="2019-11-08T15:34:13Z" data-provider="dp" finished-at="2019-11-08T15:34:13Z">
          <params>
            <param index="0">
              <value>
                <![CDATA[{forestlink=https://admin.upnorway.com/39039/data/1571794/index/record/1571792/537/summary, reply=arshad second reply 888, message=arshad first message, shortlink=https://qa.upnorway.net/partner-experience-confirmation/21ae5b60-c7df-11e9-8a1b-5da771ba9daa/message, runmode=N}]]>
              </value>
            </param>
          </params>
          <exception class="org.testng.SkipException">
            <message>
              <![CDATA[Skipping the test case as the Run mode for data set is NO]]>
            </message>
            <full-stacktrace>
              <![CDATA[org.testng.SkipException: Skipping the test case as the Run mode for data set is NO
	at com.upnorway.testcases.General.email_solution(General.java:55)
	at sun.reflect.NativeMethodAccessorImpl.invoke0(Native Method)
	at sun.reflect.NativeMethodAccessorImpl.invoke(NativeMethodAccessorImpl.java:62)
	at sun.reflect.DelegatingMethodAccessorImpl.invoke(DelegatingMethodAccessorImpl.java:43)
	at java.lang.reflect.Method.invoke(Method.java:498)
	at org.testng.internal.MethodInvocationHelper.invokeMethod(MethodInvocationHelper.java:86)
	at org.testng.internal.Invoker.invokeMethod(Invoker.java:645)
	at org.testng.internal.Invoker.invokeTestMethod(Invoker.java:822)
	at org.testng.internal.Invoker.invokeTestMethods(Invoker.java:1130)
	at org.testng.internal.TestMethodWorker.invokeTestMethods(TestMethodWorker.java:129)
	at org.testng.internal.TestMethodWorker.run(TestMethodWorker.java:112)
	at org.testng.TestRunner.privateRun(TestRunner.java:782)
	at org.testng.TestRunner.run(TestRunner.java:632)
	at org.testng.SuiteRunner.runTest(SuiteRunner.java:366)
	at org.testng.SuiteRunner.runSequentially(SuiteRunner.java:361)
	at org.testng.SuiteRunner.privateRun(SuiteRunner.java:319)
	at org.testng.SuiteRunner.run(SuiteRunner.java:268)
	at org.testng.SuiteRunnerWorker.runSuite(SuiteRunnerWorker.java:52)
	at org.testng.SuiteRunnerWorker.run(SuiteRunnerWorker.java:86)
	at org.testng.TestNG.runSuitesSequentially(TestNG.java:1244)
	at org.testng.TestNG.runSuitesLocally(TestNG.java:1169)
	at org.testng.TestNG.run(TestNG.java:1064)
	at org.testng.remote.RemoteTestNG.run(RemoteTestNG.java:113)
	at org.testng.remote.RemoteTestNG.initAndRun(RemoteTestNG.java:206)
	at org.testng.remote.RemoteTestNG.main(RemoteTestNG.java:177)
]]>
            </full-stacktrace>
          </exception> <!-- org.testng.SkipException -->
          <reporter-output>
          </reporter-output>
        </test-method> <!-- email_solution -->
        <test-method status="PASS" signature="beforeTest()[pri:0, instance:com.upnorway.testcases.General@1de76cc7]" name="beforeTest" is-config="true" duration-ms="3710" started-at="2019-11-08T15:34:13Z" finished-at="2019-11-08T15:34:16Z">
          <reporter-output>
          </reporter-output>
        </test-method> <!-- beforeTest -->
        <test-method status="SKIP" signature="email_solution(java.util.Hashtable)[pri:3, instance:com.upnorway.testcases.General@1de76cc7]" name="email_solution" duration-ms="1" started-at="2019-11-08T15:34:16Z" data-provider="dp" finished-at="2019-11-08T15:34:16Z">
          <params>
            <param index="0">
              <value>
                <![CDATA[{forestlink=https://admin.upnorway.com/39039/data/1571794/index/record/1571792/561/summary, reply=auto third reply, message=auto third message, shortlink=https://qa.upnorway.net/partner-experience-confirmation/e5af5490-daa6-11e9-9c60-6faa94e82755/message, runmode=N}]]>
              </value>
            </param>
          </params>
          <exception class="org.testng.SkipException">
            <message>
              <![CDATA[Skipping the test case as the Run mode for data set is NO]]>
            </message>
            <full-stacktrace>
              <![CDATA[org.testng.SkipException: Skipping the test case as the Run mode for data set is NO
	at com.upnorway.testcases.General.email_solution(General.java:55)
	at sun.reflect.NativeMethodAccessorImpl.invoke0(Native Method)
	at sun.reflect.NativeMethodAccessorImpl.invoke(NativeMethodAccessorImpl.java:62)
	at sun.reflect.DelegatingMethodAccessorImpl.invoke(DelegatingMethodAccessorImpl.java:43)
	at java.lang.reflect.Method.invoke(Method.java:498)
	at org.testng.internal.MethodInvocationHelper.invokeMethod(MethodInvocationHelper.java:86)
	at org.testng.internal.Invoker.invokeMethod(Invoker.java:645)
	at org.testng.internal.Invoker.invokeTestMethod(Invoker.java:822)
	at org.testng.internal.Invoker.invokeTestMethods(Invoker.java:1130)
	at org.testng.internal.TestMethodWorker.invokeTestMethods(TestMethodWorker.java:129)
	at org.testng.internal.TestMethodWorker.run(TestMethodWorker.java:112)
	at org.testng.TestRunner.privateRun(TestRunner.java:782)
	at org.testng.TestRunner.run(TestRunner.java:632)
	at org.testng.SuiteRunner.runTest(SuiteRunner.java:366)
	at org.testng.SuiteRunner.runSequentially(SuiteRunner.java:361)
	at org.testng.SuiteRunner.privateRun(SuiteRunner.java:319)
	at org.testng.SuiteRunner.run(SuiteRunner.java:268)
	at org.testng.SuiteRunnerWorker.runSuite(SuiteRunnerWorker.java:52)
	at org.testng.SuiteRunnerWorker.run(SuiteRunnerWorker.java:86)
	at org.testng.TestNG.runSuitesSequentially(TestNG.java:1244)
	at org.testng.TestNG.runSuitesLocally(TestNG.java:1169)
	at org.testng.TestNG.run(TestNG.java:1064)
	at org.testng.remote.RemoteTestNG.run(RemoteTestNG.java:113)
	at org.testng.remote.RemoteTestNG.initAndRun(RemoteTestNG.java:206)
	at org.testng.remote.RemoteTestNG.main(RemoteTestNG.java:177)
]]>
            </full-stacktrace>
          </exception> <!-- org.testng.SkipException -->
          <reporter-output>
          </reporter-output>
        </test-method> <!-- email_solution -->
        <test-method status="PASS" signature="beforeTest()[pri:0, instance:com.upnorway.testcases.General@1de76cc7]" name="beforeTest" is-config="true" duration-ms="2607" started-at="2019-11-08T15:34:16Z" finished-at="2019-11-08T15:34:19Z">
          <reporter-output>
          </reporter-output>
        </test-method> <!-- beforeTest -->
        <test-method status="FAIL" signature="email_solution(java.util.Hashtable)[pri:3, instance:com.upnorway.testcases.General@1de76cc7]" name="email_solution" duration-ms="51810" started-at="2019-11-08T15:34:19Z" data-provider="dp" finished-at="2019-11-08T15:35:11Z">
          <params>
            <param index="0">
              <value>
                <![CDATA[{forestlink=https://admin.upnorway.com/39042/data/1571867/index/record/1571865/389/summary, reply=arshad stag evn reply 1, message=arshad staging env m1, shortlink=https://stag.upnorway.net/partner-experience-confirmation/91c1f460-d94c-11e9-ac5b-e3e736247283/message, runmode=Y}]]>
              </value>
            </param>
          </params>
          <exception class="org.openqa.selenium.NoSuchElementException">
            <message>
              <![CDATA[no such element: Unable to locate element: {"method":"xpath","selector":"(//ul[@class='c-dropdown-actions']/li)[2]"}
  (Session info: chrome=78.0.3904.87)
  (Driver info: chromedriver=78.0.3904.70 (edb9c9f3de0247fd912a77b7f6cae7447f6d3ad5-refs/branch-heads/3904@{#800}),platform=Windows NT 10.0.18362 x86_64) (WARNING: The server did not provide any stacktrace information)
Command duration or timeout: 20.14 seconds
For documentation on this error, please visit: http://seleniumhq.org/exceptions/no_such_element.html
Build info: version: '2.53.1', revision: 'a36b8b1cd5757287168e54b817830adce9b0158d', time: '2016-06-30 19:26:09'
System info: host: 'ArshadM', ip: '172.20.8.71', os.name: 'Windows 10', os.arch: 'amd64', os.version: '10.0', java.version: '1.8.0_221'
Driver info: org.openqa.selenium.chrome.ChromeDriver
Capabilities [{mobileEmulationEnabled=false, timeouts={implicit=0, pageLoad=300000, script=30000}, hasTouchScreen=false, platform=XP, acceptSslCerts=false, goog:chromeOptions={debuggerAddress=localhost:55018}, acceptInsecureCerts=false, webStorageEnabled=true, browserName=chrome, takesScreenshot=true, javascriptEnabled=true, setWindowRect=true, unexpectedAlertBehaviour=ignore, applicationCacheEnabled=false, rotatable=false, networkConnectionEnabled=false, chrome={chromedriverVersion=78.0.3904.70 (edb9c9f3de0247fd912a77b7f6cae7447f6d3ad5-refs/branch-heads/3904@{#800}), userDataDir=C:\Users\arshadm\AppData\Local\Temp\scoped_dir15520_1772515181}, takesHeapSnapshot=true, pageLoadStrategy=normal, strictFileInteractability=false, databaseEnabled=false, handlesAlerts=true, version=78.0.3904.87, browserConnectionEnabled=false, proxy={}, nativeEvents=true, locationContextEnabled=true, cssSelectorsEnabled=true}]
Session ID: 2b544265d6c6d2dea52f83f4c281db46
*** Element info: {Using=xpath, value=(//ul[@class='c-dropdown-actions']/li)[2]}]]>
            </message>
            <full-stacktrace>
              <![CDATA[org.openqa.selenium.NoSuchElementException: no such element: Unable to locate element: {"method":"xpath","selector":"(//ul[@class='c-dropdown-actions']/li)[2]"}
  (Session info: chrome=78.0.3904.87)
  (Driver info: chromedriver=78.0.3904.70 (edb9c9f3de0247fd912a77b7f6cae7447f6d3ad5-refs/branch-heads/3904@{#800}),platform=Windows NT 10.0.18362 x86_64) (WARNING: The server did not provide any stacktrace information)
Command duration or timeout: 20.14 seconds
For documentation on this error, please visit: http://seleniumhq.org/exceptions/no_such_element.html
Build info: version: '2.53.1', revision: 'a36b8b1cd5757287168e54b817830adce9b0158d', time: '2016-06-30 19:26:09'
System info: host: 'ArshadM', ip: '172.20.8.71', os.name: 'Windows 10', os.arch: 'amd64', os.version: '10.0', java.version: '1.8.0_221'
Driver info: org.openqa.selenium.chrome.ChromeDriver
Capabilities [{mobileEmulationEnabled=false, timeouts={implicit=0, pageLoad=300000, script=30000}, hasTouchScreen=false, platform=XP, acceptSslCerts=false, goog:chromeOptions={debuggerAddress=localhost:55018}, acceptInsecureCerts=false, webStorageEnabled=true, browserName=chrome, takesScreenshot=true, javascriptEnabled=true, setWindowRect=true, unexpectedAlertBehaviour=ignore, applicationCacheEnabled=false, rotatable=false, networkConnectionEnabled=false, chrome={chromedriverVersion=78.0.3904.70 (edb9c9f3de0247fd912a77b7f6cae7447f6d3ad5-refs/branch-heads/3904@{#800}), userDataDir=C:\Users\arshadm\AppData\Local\Temp\scoped_dir15520_1772515181}, takesHeapSnapshot=true, pageLoadStrategy=normal, strictFileInteractability=false, databaseEnabled=false, handlesAlerts=true, version=78.0.3904.87, browserConnectionEnabled=false, proxy={}, nativeEvents=true, locationContextEnabled=true, cssSelectorsEnabled=true}]
Session ID: 2b544265d6c6d2dea52f83f4c281db46
*** Element info: {Using=xpath, value=(//ul[@class='c-dropdown-actions']/li)[2]}
	at sun.reflect.NativeConstructorAccessorImpl.newInstance0(Native Method)
	at sun.reflect.NativeConstructorAccessorImpl.newInstance(NativeConstructorAccessorImpl.java:62)
	at sun.reflect.DelegatingConstructorAccessorImpl.newInstance(DelegatingConstructorAccessorImpl.java:45)
	at java.lang.reflect.Constructor.newInstance(Constructor.java:423)
	at org.openqa.selenium.remote.ErrorHandler.createThrowable(ErrorHandler.java:206)
	at org.openqa.selenium.remote.ErrorHandler.throwIfResponseFailed(ErrorHandler.java:158)
	at org.openqa.selenium.remote.RemoteWebDriver.execute(RemoteWebDriver.java:678)
	at org.openqa.selenium.remote.RemoteWebDriver.findElement(RemoteWebDriver.java:363)
	at org.openqa.selenium.remote.RemoteWebDriver.findElementByXPath(RemoteWebDriver.java:500)
	at org.openqa.selenium.By$ByXPath.findElement(By.java:361)
	at org.openqa.selenium.remote.RemoteWebDriver.findElement(RemoteWebDriver.java:355)
	at com.upnorway.base.TestBase.click(TestBase.java:184)
	at com.upnorway.testcases.General.email_solution(General.java:72)
	at sun.reflect.NativeMethodAccessorImpl.invoke0(Native Method)
	at sun.reflect.NativeMethodAccessorImpl.invoke(NativeMethodAccessorImpl.java:62)
	at sun.reflect.DelegatingMethodAccessorImpl.invoke(DelegatingMethodAccessorImpl.java:43)
	at java.lang.reflect.Method.invoke(Method.java:498)
	at org.testng.internal.MethodInvocationHelper.invokeMethod(MethodInvocationHelper.java:86)
	at org.testng.internal.Invoker.invokeMethod(Invoker.java:645)
	at org.testng.internal.Invoker.invokeTestMethod(Invoker.java:822)
	at org.testng.internal.Invoker.invokeTestMethods(Invoker.java:1130)
	at org.testng.internal.TestMethodWorker.invokeTestMethods(TestMethodWorker.java:129)
	at org.testng.internal.TestMethodWorker.run(TestMethodWorker.java:112)
	at org.testng.TestRunner.privateRun(TestRunner.java:782)
	at org.testng.TestRunner.run(TestRunner.java:632)
	at org.testng.SuiteRunner.runTest(SuiteRunner.java:366)
	at org.testng.SuiteRunner.runSequentially(SuiteRunner.java:361)
	at org.testng.SuiteRunner.privateRun(SuiteRunner.java:319)
	at org.testng.SuiteRunner.run(SuiteRunner.java:268)
	at org.testng.SuiteRunnerWorker.runSuite(SuiteRunnerWorker.java:52)
	at org.testng.SuiteRunnerWorker.run(SuiteRunnerWorker.java:86)
	at org.testng.TestNG.runSuitesSequentially(TestNG.java:1244)
	at org.testng.TestNG.runSuitesLocally(TestNG.java:1169)
	at org.testng.TestNG.run(TestNG.java:1064)
	at org.testng.remote.RemoteTestNG.run(RemoteTestNG.java:113)
	at org.testng.remote.RemoteTestNG.initAndRun(RemoteTestNG.java:206)
	at org.testng.remote.RemoteTestNG.main(RemoteTestNG.java:177)
]]>
            </full-stacktrace>
          </exception> <!-- org.openqa.selenium.NoSuchElementException -->
          <reporter-output>
            <line>
              <![CDATA[Click to see Screenshot]]>
            </line>
            <line>
              <![CDATA[<a target="_blank" href=Fri_Nov_08_15_35_11_IST_2019.jpg>Screenshot</a>]]>
            </line>
            <line>
              <![CDATA[<br>]]>
            </line>
            <line>
              <![CDATA[<br>]]>
            </line>
            <line>
              <![CDATA[<a target="_blank" href=Fri_Nov_08_15_35_11_IST_2019.jpg><img src=Fri_Nov_08_15_35_11_IST_2019.jpg height=200 width=200></img></a>]]>
            </line>
          </reporter-output>
        </test-method> <!-- email_solution -->
        <test-method status="PASS" signature="beforeTest()[pri:0, instance:com.upnorway.testcases.General@1de76cc7]" name="beforeTest" is-config="true" duration-ms="3815" started-at="2019-11-08T15:35:11Z" finished-at="2019-11-08T15:35:15Z">
          <reporter-output>
          </reporter-output>
        </test-method> <!-- beforeTest -->
        <test-method status="FAIL" signature="email_solution(java.util.Hashtable)[pri:3, instance:com.upnorway.testcases.General@1de76cc7]" name="email_solution" duration-ms="51735" started-at="2019-11-08T15:35:15Z" data-provider="dp" finished-at="2019-11-08T15:36:07Z">
          <params>
            <param index="0">
              <value>
                <![CDATA[{forestlink=https://admin.upnorway.com/39042/data/1571867/index/record/1571865/393/summary, reply=second exp reply, message=scond exp message1, shortlink=https://stag.upnorway.net/partner-experience-confirmation/72896100-d9d8-11e9-bdb9-ab6150a97012/message, runmode=Y}]]>
              </value>
            </param>
          </params>
          <exception class="org.openqa.selenium.NoSuchElementException">
            <message>
              <![CDATA[no such element: Unable to locate element: {"method":"xpath","selector":"(//ul[@class='c-dropdown-actions']/li)[2]"}
  (Session info: chrome=78.0.3904.87)
  (Driver info: chromedriver=78.0.3904.70 (edb9c9f3de0247fd912a77b7f6cae7447f6d3ad5-refs/branch-heads/3904@{#800}),platform=Windows NT 10.0.18362 x86_64) (WARNING: The server did not provide any stacktrace information)
Command duration or timeout: 20.08 seconds
For documentation on this error, please visit: http://seleniumhq.org/exceptions/no_such_element.html
Build info: version: '2.53.1', revision: 'a36b8b1cd5757287168e54b817830adce9b0158d', time: '2016-06-30 19:26:09'
System info: host: 'ArshadM', ip: '172.20.8.71', os.name: 'Windows 10', os.arch: 'amd64', os.version: '10.0', java.version: '1.8.0_221'
Driver info: org.openqa.selenium.chrome.ChromeDriver
Capabilities [{mobileEmulationEnabled=false, timeouts={implicit=0, pageLoad=300000, script=30000}, hasTouchScreen=false, platform=XP, acceptSslCerts=false, goog:chromeOptions={debuggerAddress=localhost:55018}, acceptInsecureCerts=false, webStorageEnabled=true, browserName=chrome, takesScreenshot=true, javascriptEnabled=true, setWindowRect=true, unexpectedAlertBehaviour=ignore, applicationCacheEnabled=false, rotatable=false, networkConnectionEnabled=false, chrome={chromedriverVersion=78.0.3904.70 (edb9c9f3de0247fd912a77b7f6cae7447f6d3ad5-refs/branch-heads/3904@{#800}), userDataDir=C:\Users\arshadm\AppData\Local\Temp\scoped_dir15520_1772515181}, takesHeapSnapshot=true, pageLoadStrategy=normal, strictFileInteractability=false, databaseEnabled=false, handlesAlerts=true, version=78.0.3904.87, browserConnectionEnabled=false, proxy={}, nativeEvents=true, locationContextEnabled=true, cssSelectorsEnabled=true}]
Session ID: 2b544265d6c6d2dea52f83f4c281db46
*** Element info: {Using=xpath, value=(//ul[@class='c-dropdown-actions']/li)[2]}]]>
            </message>
            <full-stacktrace>
              <![CDATA[org.openqa.selenium.NoSuchElementException: no such element: Unable to locate element: {"method":"xpath","selector":"(//ul[@class='c-dropdown-actions']/li)[2]"}
  (Session info: chrome=78.0.3904.87)
  (Driver info: chromedriver=78.0.3904.70 (edb9c9f3de0247fd912a77b7f6cae7447f6d3ad5-refs/branch-heads/3904@{#800}),platform=Windows NT 10.0.18362 x86_64) (WARNING: The server did not provide any stacktrace information)
Command duration or timeout: 20.08 seconds
For documentation on this error, please visit: http://seleniumhq.org/exceptions/no_such_element.html
Build info: version: '2.53.1', revision: 'a36b8b1cd5757287168e54b817830adce9b0158d', time: '2016-06-30 19:26:09'
System info: host: 'ArshadM', ip: '172.20.8.71', os.name: 'Windows 10', os.arch: 'amd64', os.version: '10.0', java.version: '1.8.0_221'
Driver info: org.openqa.selenium.chrome.ChromeDriver
Capabilities [{mobileEmulationEnabled=false, timeouts={implicit=0, pageLoad=300000, script=30000}, hasTouchScreen=false, platform=XP, acceptSslCerts=false, goog:chromeOptions={debuggerAddress=localhost:55018}, acceptInsecureCerts=false, webStorageEnabled=true, browserName=chrome, takesScreenshot=true, javascriptEnabled=true, setWindowRect=true, unexpectedAlertBehaviour=ignore, applicationCacheEnabled=false, rotatable=false, networkConnectionEnabled=false, chrome={chromedriverVersion=78.0.3904.70 (edb9c9f3de0247fd912a77b7f6cae7447f6d3ad5-refs/branch-heads/3904@{#800}), userDataDir=C:\Users\arshadm\AppData\Local\Temp\scoped_dir15520_1772515181}, takesHeapSnapshot=true, pageLoadStrategy=normal, strictFileInteractability=false, databaseEnabled=false, handlesAlerts=true, version=78.0.3904.87, browserConnectionEnabled=false, proxy={}, nativeEvents=true, locationContextEnabled=true, cssSelectorsEnabled=true}]
Session ID: 2b544265d6c6d2dea52f83f4c281db46
*** Element info: {Using=xpath, value=(//ul[@class='c-dropdown-actions']/li)[2]}
	at sun.reflect.NativeConstructorAccessorImpl.newInstance0(Native Method)
	at sun.reflect.NativeConstructorAccessorImpl.newInstance(NativeConstructorAccessorImpl.java:62)
	at sun.reflect.DelegatingConstructorAccessorImpl.newInstance(DelegatingConstructorAccessorImpl.java:45)
	at java.lang.reflect.Constructor.newInstance(Constructor.java:423)
	at org.openqa.selenium.remote.ErrorHandler.createThrowable(ErrorHandler.java:206)
	at org.openqa.selenium.remote.ErrorHandler.throwIfResponseFailed(ErrorHandler.java:158)
	at org.openqa.selenium.remote.RemoteWebDriver.execute(RemoteWebDriver.java:678)
	at org.openqa.selenium.remote.RemoteWebDriver.findElement(RemoteWebDriver.java:363)
	at org.openqa.selenium.remote.RemoteWebDriver.findElementByXPath(RemoteWebDriver.java:500)
	at org.openqa.selenium.By$ByXPath.findElement(By.java:361)
	at org.openqa.selenium.remote.RemoteWebDriver.findElement(RemoteWebDriver.java:355)
	at com.upnorway.base.TestBase.click(TestBase.java:184)
	at com.upnorway.testcases.General.email_solution(General.java:72)
	at sun.reflect.NativeMethodAccessorImpl.invoke0(Native Method)
	at sun.reflect.NativeMethodAccessorImpl.invoke(NativeMethodAccessorImpl.java:62)
	at sun.reflect.DelegatingMethodAccessorImpl.invoke(DelegatingMethodAccessorImpl.java:43)
	at java.lang.reflect.Method.invoke(Method.java:498)
	at org.testng.internal.MethodInvocationHelper.invokeMethod(MethodInvocationHelper.java:86)
	at org.testng.internal.Invoker.invokeMethod(Invoker.java:645)
	at org.testng.internal.Invoker.invokeTestMethod(Invoker.java:822)
	at org.testng.internal.Invoker.invokeTestMethods(Invoker.java:1130)
	at org.testng.internal.TestMethodWorker.invokeTestMethods(TestMethodWorker.java:129)
	at org.testng.internal.TestMethodWorker.run(TestMethodWorker.java:112)
	at org.testng.TestRunner.privateRun(TestRunner.java:782)
	at org.testng.TestRunner.run(TestRunner.java:632)
	at org.testng.SuiteRunner.runTest(SuiteRunner.java:366)
	at org.testng.SuiteRunner.runSequentially(SuiteRunner.java:361)
	at org.testng.SuiteRunner.privateRun(SuiteRunner.java:319)
	at org.testng.SuiteRunner.run(SuiteRunner.java:268)
	at org.testng.SuiteRunnerWorker.runSuite(SuiteRunnerWorker.java:52)
	at org.testng.SuiteRunnerWorker.run(SuiteRunnerWorker.java:86)
	at org.testng.TestNG.runSuitesSequentially(TestNG.java:1244)
	at org.testng.TestNG.runSuitesLocally(TestNG.java:1169)
	at org.testng.TestNG.run(TestNG.java:1064)
	at org.testng.remote.RemoteTestNG.run(RemoteTestNG.java:113)
	at org.testng.remote.RemoteTestNG.initAndRun(RemoteTestNG.java:206)
	at org.testng.remote.RemoteTestNG.main(RemoteTestNG.java:177)
]]>
            </full-stacktrace>
          </exception> <!-- org.openqa.selenium.NoSuchElementException -->
          <reporter-output>
            <line>
              <![CDATA[Click to see Screenshot]]>
            </line>
            <line>
              <![CDATA[<a target="_blank" href=Fri_Nov_08_15_36_07_IST_2019.jpg>Screenshot</a>]]>
            </line>
            <line>
              <![CDATA[<br>]]>
            </line>
            <line>
              <![CDATA[<br>]]>
            </line>
            <line>
              <![CDATA[<a target="_blank" href=Fri_Nov_08_15_36_07_IST_2019.jpg><img src=Fri_Nov_08_15_36_07_IST_2019.jpg height=200 width=200></img></a>]]>
            </line>
          </reporter-output>
        </test-method> <!-- email_solution -->
      </class> <!-- com.upnorway.testcases.General -->
      <class name="com.upnorway.testcases.Journeys">
        <test-method status="PASS" signature="beforeTest()[pri:0, instance:com.upnorway.testcases.Journeys@5d0a1059]" name="beforeTest" is-config="true" duration-ms="3872" started-at="2019-11-08T15:30:48Z" finished-at="2019-11-08T15:30:52Z">
          <reporter-output>
          </reporter-output>
        </test-method> <!-- beforeTest -->
        <test-method status="PASS" signature="journey_enquire(java.lang.String, java.lang.String, java.lang.String, java.lang.String, java.lang.String, java.lang.String, java.lang.String)[pri:0, instance:com.upnorway.testcases.Journeys@5d0a1059]" name="journey_enquire" duration-ms="63726" started-at="2019-11-08T15:30:52Z" finished-at="2019-11-08T15:31:55Z">
          <params>
            <param index="0">
              <value>
                <![CDATA[fish]]>
              </value>
            </param>
            <param index="1">
              <value>
                <![CDATA[Narendra]]>
              </value>
            </param>
            <param index="2">
              <value>
                <![CDATA[Singh Modhi]]>
              </value>
            </param>
            <param index="3">
              <value>
                <![CDATA[president@india.com]]>
              </value>
            </param>
            <param index="4">
              <value>
                <![CDATA[9876543]]>
              </value>
            </param>
            <param index="5">
              <value>
                <![CDATA[India]]>
              </value>
            </param>
            <param index="6">
              <value>
                <![CDATA[5]]>
              </value>
            </param>
          </params>
          <reporter-output>
          </reporter-output>
        </test-method> <!-- journey_enquire -->
        <test-method status="PASS" signature="beforeTest()[pri:0, instance:com.upnorway.testcases.Journeys@5d0a1059]" name="beforeTest" is-config="true" duration-ms="3040" started-at="2019-11-08T15:31:55Z" finished-at="2019-11-08T15:31:58Z">
          <reporter-output>
          </reporter-output>
        </test-method> <!-- beforeTest -->
        <test-method status="PASS" signature="search_journeys(java.lang.String)[pri:0, instance:com.upnorway.testcases.Journeys@5d0a1059]" name="search_journeys" duration-ms="16380" started-at="2019-11-08T15:31:58Z" finished-at="2019-11-08T15:32:15Z">
          <params>
            <param index="0">
              <value>
                <![CDATA[Os]]>
              </value>
            </param>
          </params>
          <reporter-output>
          </reporter-output>
        </test-method> <!-- search_journeys -->
      </class> <!-- com.upnorway.testcases.Journeys -->
      <class name="com.upnorway.testcases.Experiences">
        <test-method status="PASS" signature="beforeTest()[pri:0, instance:com.upnorway.testcases.Experiences@485966cc]" name="beforeTest" is-config="true" duration-ms="3940" started-at="2019-11-08T15:32:15Z" finished-at="2019-11-08T15:32:19Z">
          <reporter-output>
          </reporter-output>
        </test-method> <!-- beforeTest -->
        <test-method status="PASS" signature="experience_enquire(java.lang.String, java.lang.String, java.lang.String, java.lang.String, java.lang.String, java.lang.String, java.lang.String)[pri:0, instance:com.upnorway.testcases.Experiences@485966cc]" name="experience_enquire" duration-ms="61667" started-at="2019-11-08T15:32:19Z" finished-at="2019-11-08T15:33:20Z">
          <params>
            <param index="0">
              <value>
                <![CDATA[fish]]>
              </value>
            </param>
            <param index="1">
              <value>
                <![CDATA[Narendra]]>
              </value>
            </param>
            <param index="2">
              <value>
                <![CDATA[Singh Modhi]]>
              </value>
            </param>
            <param index="3">
              <value>
                <![CDATA[president@india.com]]>
              </value>
            </param>
            <param index="4">
              <value>
                <![CDATA[9876543]]>
              </value>
            </param>
            <param index="5">
              <value>
                <![CDATA[India]]>
              </value>
            </param>
            <param index="6">
              <value>
                <![CDATA[5]]>
              </value>
            </param>
          </params>
          <reporter-output>
          </reporter-output>
        </test-method> <!-- experience_enquire -->
        <test-method status="PASS" signature="beforeTest()[pri:0, instance:com.upnorway.testcases.Experiences@485966cc]" name="beforeTest" is-config="true" duration-ms="2835" started-at="2019-11-08T15:33:20Z" finished-at="2019-11-08T15:33:23Z">
          <reporter-output>
          </reporter-output>
        </test-method> <!-- beforeTest -->
        <test-method status="PASS" signature="search_experiences(java.lang.String)[pri:0, instance:com.upnorway.testcases.Experiences@485966cc]" name="search_experiences" duration-ms="16714" started-at="2019-11-08T15:33:23Z" finished-at="2019-11-08T15:33:40Z">
          <params>
            <param index="0">
              <value>
                <![CDATA[eat]]>
              </value>
            </param>
          </params>
          <reporter-output>
          </reporter-output>
        </test-method> <!-- search_experiences -->
      </class> <!-- com.upnorway.testcases.Experiences -->
      <class name="com.upnorway.testcases.Upguides">
        <test-method status="PASS" signature="setUp()[pri:0, instance:com.upnorway.testcases.Upguides@c88a337]" name="setUp" is-config="true" duration-ms="22307" started-at="2019-11-08T15:26:36Z" finished-at="2019-11-08T15:26:59Z">
          <reporter-output>
          </reporter-output>
        </test-method> <!-- setUp -->
        <test-method status="PASS" signature="beforeTest()[pri:0, instance:com.upnorway.testcases.Upguides@c88a337]" name="beforeTest" is-config="true" duration-ms="3349" started-at="2019-11-08T15:29:33Z" finished-at="2019-11-08T15:29:37Z">
          <reporter-output>
          </reporter-output>
        </test-method> <!-- beforeTest -->
        <test-method status="PASS" signature="search_upguides(java.lang.String)[pri:0, instance:com.upnorway.testcases.Upguides@c88a337]" name="search_upguides" duration-ms="14194" started-at="2019-11-08T15:29:37Z" finished-at="2019-11-08T15:29:51Z">
          <params>
            <param index="0">
              <value>
                <![CDATA[cross]]>
              </value>
            </param>
          </params>
          <reporter-output>
          </reporter-output>
        </test-method> <!-- search_upguides -->
        <test-method status="PASS" signature="beforeTest()[pri:0, instance:com.upnorway.testcases.Upguides@c88a337]" name="beforeTest" is-config="true" duration-ms="3247" started-at="2019-11-08T15:29:51Z" finished-at="2019-11-08T15:29:54Z">
          <reporter-output>
          </reporter-output>
        </test-method> <!-- beforeTest -->
        <test-method status="FAIL" signature="upguide_go_to_journey(java.lang.String, java.lang.String, java.lang.String, java.lang.String, java.lang.String, java.lang.String)[pri:0, instance:com.upnorway.testcases.Upguides@c88a337]" name="upguide_go_to_journey" duration-ms="51859" started-at="2019-11-08T15:29:54Z" finished-at="2019-11-08T15:30:46Z">
          <params>
            <param index="0">
              <value>
                <![CDATA[Narendra]]>
              </value>
            </param>
            <param index="1">
              <value>
                <![CDATA[Singh Modhi]]>
              </value>
            </param>
            <param index="2">
              <value>
                <![CDATA[president@india.com]]>
              </value>
            </param>
            <param index="3">
              <value>
                <![CDATA[9876543]]>
              </value>
            </param>
            <param index="4">
              <value>
                <![CDATA[India]]>
              </value>
            </param>
            <param index="5">
              <value>
                <![CDATA[5]]>
              </value>
            </param>
          </params>
          <exception class="org.openqa.selenium.NoSuchElementException">
            <message>
              <![CDATA[no such element: Unable to locate element: {"method":"xpath","selector":"(//*[contains(text(),'Go to ')])[1]"}
  (Session info: chrome=78.0.3904.87)
  (Driver info: chromedriver=78.0.3904.70 (edb9c9f3de0247fd912a77b7f6cae7447f6d3ad5-refs/branch-heads/3904@{#800}),platform=Windows NT 10.0.18362 x86_64) (WARNING: The server did not provide any stacktrace information)
Command duration or timeout: 20.05 seconds
For documentation on this error, please visit: http://seleniumhq.org/exceptions/no_such_element.html
Build info: version: '2.53.1', revision: 'a36b8b1cd5757287168e54b817830adce9b0158d', time: '2016-06-30 19:26:09'
System info: host: 'ArshadM', ip: '172.20.8.71', os.name: 'Windows 10', os.arch: 'amd64', os.version: '10.0', java.version: '1.8.0_221'
Driver info: org.openqa.selenium.chrome.ChromeDriver
Capabilities [{mobileEmulationEnabled=false, timeouts={implicit=0, pageLoad=300000, script=30000}, hasTouchScreen=false, platform=XP, acceptSslCerts=false, goog:chromeOptions={debuggerAddress=localhost:55018}, acceptInsecureCerts=false, webStorageEnabled=true, browserName=chrome, takesScreenshot=true, javascriptEnabled=true, setWindowRect=true, unexpectedAlertBehaviour=ignore, applicationCacheEnabled=false, rotatable=false, networkConnectionEnabled=false, chrome={chromedriverVersion=78.0.3904.70 (edb9c9f3de0247fd912a77b7f6cae7447f6d3ad5-refs/branch-heads/3904@{#800}), userDataDir=C:\Users\arshadm\AppData\Local\Temp\scoped_dir15520_1772515181}, takesHeapSnapshot=true, pageLoadStrategy=normal, strictFileInteractability=false, databaseEnabled=false, handlesAlerts=true, version=78.0.3904.87, browserConnectionEnabled=false, proxy={}, nativeEvents=true, locationContextEnabled=true, cssSelectorsEnabled=true}]
Session ID: 2b544265d6c6d2dea52f83f4c281db46
*** Element info: {Using=xpath, value=(//*[contains(text(),'Go to ')])[1]}]]>
            </message>
            <full-stacktrace>
              <![CDATA[org.openqa.selenium.NoSuchElementException: no such element: Unable to locate element: {"method":"xpath","selector":"(//*[contains(text(),'Go to ')])[1]"}
  (Session info: chrome=78.0.3904.87)
  (Driver info: chromedriver=78.0.3904.70 (edb9c9f3de0247fd912a77b7f6cae7447f6d3ad5-refs/branch-heads/3904@{#800}),platform=Windows NT 10.0.18362 x86_64) (WARNING: The server did not provide any stacktrace information)
Command duration or timeout: 20.05 seconds
For documentation on this error, please visit: http://seleniumhq.org/exceptions/no_such_element.html
Build info: version: '2.53.1', revision: 'a36b8b1cd5757287168e54b817830adce9b0158d', time: '2016-06-30 19:26:09'
System info: host: 'ArshadM', ip: '172.20.8.71', os.name: 'Windows 10', os.arch: 'amd64', os.version: '10.0', java.version: '1.8.0_221'
Driver info: org.openqa.selenium.chrome.ChromeDriver
Capabilities [{mobileEmulationEnabled=false, timeouts={implicit=0, pageLoad=300000, script=30000}, hasTouchScreen=false, platform=XP, acceptSslCerts=false, goog:chromeOptions={debuggerAddress=localhost:55018}, acceptInsecureCerts=false, webStorageEnabled=true, browserName=chrome, takesScreenshot=true, javascriptEnabled=true, setWindowRect=true, unexpectedAlertBehaviour=ignore, applicationCacheEnabled=false, rotatable=false, networkConnectionEnabled=false, chrome={chromedriverVersion=78.0.3904.70 (edb9c9f3de0247fd912a77b7f6cae7447f6d3ad5-refs/branch-heads/3904@{#800}), userDataDir=C:\Users\arshadm\AppData\Local\Temp\scoped_dir15520_1772515181}, takesHeapSnapshot=true, pageLoadStrategy=normal, strictFileInteractability=false, databaseEnabled=false, handlesAlerts=true, version=78.0.3904.87, browserConnectionEnabled=false, proxy={}, nativeEvents=true, locationContextEnabled=true, cssSelectorsEnabled=true}]
Session ID: 2b544265d6c6d2dea52f83f4c281db46
*** Element info: {Using=xpath, value=(//*[contains(text(),'Go to ')])[1]}
	at sun.reflect.NativeConstructorAccessorImpl.newInstance0(Native Method)
	at sun.reflect.NativeConstructorAccessorImpl.newInstance(NativeConstructorAccessorImpl.java:62)
	at sun.reflect.DelegatingConstructorAccessorImpl.newInstance(DelegatingConstructorAccessorImpl.java:45)
	at java.lang.reflect.Constructor.newInstance(Constructor.java:423)
	at org.openqa.selenium.remote.ErrorHandler.createThrowable(ErrorHandler.java:206)
	at org.openqa.selenium.remote.ErrorHandler.throwIfResponseFailed(ErrorHandler.java:158)
	at org.openqa.selenium.remote.RemoteWebDriver.execute(RemoteWebDriver.java:678)
	at org.openqa.selenium.remote.RemoteWebDriver.findElement(RemoteWebDriver.java:363)
	at org.openqa.selenium.remote.RemoteWebDriver.findElementByXPath(RemoteWebDriver.java:500)
	at org.openqa.selenium.By$ByXPath.findElement(By.java:361)
	at org.openqa.selenium.remote.RemoteWebDriver.findElement(RemoteWebDriver.java:355)
	at com.upnorway.base.TestBase.click(TestBase.java:184)
	at com.upnorway.testcases.Upguides.upguide_go_to_journey(Upguides.java:139)
	at sun.reflect.NativeMethodAccessorImpl.invoke0(Native Method)
	at sun.reflect.NativeMethodAccessorImpl.invoke(NativeMethodAccessorImpl.java:62)
	at sun.reflect.DelegatingMethodAccessorImpl.invoke(DelegatingMethodAccessorImpl.java:43)
	at java.lang.reflect.Method.invoke(Method.java:498)
	at org.testng.internal.MethodInvocationHelper.invokeMethod(MethodInvocationHelper.java:86)
	at org.testng.internal.Invoker.invokeMethod(Invoker.java:645)
	at org.testng.internal.Invoker.invokeTestMethod(Invoker.java:822)
	at org.testng.internal.Invoker.invokeTestMethods(Invoker.java:1130)
	at org.testng.internal.TestMethodWorker.invokeTestMethods(TestMethodWorker.java:129)
	at org.testng.internal.TestMethodWorker.run(TestMethodWorker.java:112)
	at org.testng.TestRunner.privateRun(TestRunner.java:782)
	at org.testng.TestRunner.run(TestRunner.java:632)
	at org.testng.SuiteRunner.runTest(SuiteRunner.java:366)
	at org.testng.SuiteRunner.runSequentially(SuiteRunner.java:361)
	at org.testng.SuiteRunner.privateRun(SuiteRunner.java:319)
	at org.testng.SuiteRunner.run(SuiteRunner.java:268)
	at org.testng.SuiteRunnerWorker.runSuite(SuiteRunnerWorker.java:52)
	at org.testng.SuiteRunnerWorker.run(SuiteRunnerWorker.java:86)
	at org.testng.TestNG.runSuitesSequentially(TestNG.java:1244)
	at org.testng.TestNG.runSuitesLocally(TestNG.java:1169)
	at org.testng.TestNG.run(TestNG.java:1064)
	at org.testng.remote.RemoteTestNG.run(RemoteTestNG.java:113)
	at org.testng.remote.RemoteTestNG.initAndRun(RemoteTestNG.java:206)
	at org.testng.remote.RemoteTestNG.main(RemoteTestNG.java:177)
]]>
            </full-stacktrace>
          </exception> <!-- org.openqa.selenium.NoSuchElementException -->
          <reporter-output>
            <line>
              <![CDATA[Click to see Screenshot]]>
            </line>
            <line>
              <![CDATA[<a target="_blank" href=Fri_Nov_08_15_30_48_IST_2019.jpg>Screenshot</a>]]>
            </line>
            <line>
              <![CDATA[<br>]]>
            </line>
            <line>
              <![CDATA[<br>]]>
            </line>
            <line>
              <![CDATA[<a target="_blank" href=Fri_Nov_08_15_30_48_IST_2019.jpg><img src=Fri_Nov_08_15_30_48_IST_2019.jpg height=200 width=200></img></a>]]>
            </line>
          </reporter-output>
        </test-method> <!-- upguide_go_to_journey -->
        <test-method status="PASS" signature="afterTest()[pri:0, instance:com.upnorway.testcases.Upguides@c88a337]" name="afterTest" is-config="true" duration-ms="0" started-at="2019-11-08T15:36:08Z" finished-at="2019-11-08T15:36:08Z">
          <reporter-output>
          </reporter-output>
        </test-method> <!-- afterTest -->
        <test-method status="PASS" signature="tearDown()[pri:0, instance:com.upnorway.testcases.Upguides@c88a337]" name="tearDown" is-config="true" duration-ms="12265" started-at="2019-11-08T15:36:08Z" finished-at="2019-11-08T15:36:20Z">
          <reporter-output>
          </reporter-output>
        </test-method> <!-- tearDown -->
      </class> <!-- com.upnorway.testcases.Upguides -->
    </test> <!-- Journeys -->
  </suite> <!-- Suite -->
</testng-results>
